<?xml version="1.0" encoding="UTF-8"?>
<!-- Generated by org.testng.reporters.JUnitXMLReporter -->
<testsuite ignored="12" hostname="DESKTOP-4E90A8C" failures="0" tests="24" name="UI Tests" time="115.038" errors="0" timestamp="2025-09-09T12:45:27 IST">
  <testcase classname="com.saucedemo.tests.LoginPageTest" name="allValidUsersShouldLoginSuccessfully" time="9.926"/>
  <testcase classname="com.saucedemo.tests.LoginPageTest" name="invalidUserShowsError" time="0.559"/>
  <testcase classname="com.saucedemo.tests.LoginPageTest" name="lockedOutUserShowsError" time="0.739"/>
  <testcase classname="com.saucedemo.tests.LoginPageTest" name="testPasswordRequiredError" time="0.692"/>
  <testcase classname="com.saucedemo.tests.LoginPageTest" name="testUsernameRequiredError" time="0.553"/>
  <testcase classname="com.saucedemo.tests.LoginPageTest" name="validLogin" time="0.568"/>
  <testcase classname="com.saucedemo.tests.TestAddToCartPage" name="addItemUpdatesCartBadge" time="0.145"/>
  <testcase classname="com.saucedemo.tests.TestAddToCartPage" name="addToCartButtonChangesToRemove" time="0.151"/>
  <testcase classname="com.saucedemo.tests.TestAddToCartPage" name="cartBadgeAccumulatesItems" time="0.192"/>
  <testcase classname="com.saucedemo.tests.TestAddToCartPage" name="cartLinkNavigatesToCartPage" time="0.222"/>
  <testcase classname="com.saucedemo.tests.TestAddToCartPage" name="removeFromCartButtonChangesToAddToCart" time="0.213"/>
  <testcase classname="com.saucedemo.tests.TestAddToCartPage" name="removeItemUpdatesCartBadgeToZero" time="0.152"/>
  <testcase classname="com.saucedemo.tests.TestCartBadgeCountValidationPage" name="badgeIncrementsWhenAddingItems" time="0.223"/>
  <testcase classname="com.saucedemo.tests.TestCartBadgeCountValidationPage" name="badgeShowsTwoWhenAddingTwoItems" time="0.185"/>
  <testcase classname="com.saucedemo.tests.TestCartBadgeCountValidationPage" name="badgeUpdatesAfterRemovingItem" time="0.3"/>
  <testcase classname="com.saucedemo.tests.TestCheckoutPage" name="cancelCheckoutShouldReturnToCart" time="0.961"/>
  <testcase classname="com.saucedemo.tests.TestCheckoutPage" name="cannotCheckoutWithEmptyCart" time="0.996"/>
  <testcase classname="com.saucedemo.tests.TestCheckoutPage" name="checkoutShowsCorrectConfirmationMessage" time="1.477"/>
  <testcase classname="com.saucedemo.tests.TestCheckoutPage" name="completeCheckoutFlow" time="1.345"/>
  <testcase classname="com.saucedemo.tests.TestSortingProductPage" name="sortByNameAtoZ" time="0.636"/>
  <testcase classname="com.saucedemo.tests.TestSortingProductPage" name="sortByNameZtoA" time="0.752"/>
  <testcase classname="com.saucedemo.tests.TestSortingProductPage" name="sortByPriceHighToLow" time="0.717"/>
  <testcase classname="com.saucedemo.tests.TestSortingProductPage" name="sortByPriceLowToHigh" time="0.737"/>
  <testcase classname="com.saucedemo.tests.TestLogoutPage" name="logoutWorks" time="1.39"/>
  <testcase classname="com.saucedemo.tests.BaseTest" name="@BeforeSuite beforeSuite" time="0.0">
    <ignored/>
  </testcase> <!-- @BeforeSuite beforeSuite -->
  <testcase classname="com.saucedemo.tests.BaseTest" name="@AfterSuite afterSuite" time="0.0">
    <ignored/>
  </testcase> <!-- @AfterSuite afterSuite -->
  <testcase classname="com.saucedemo.tests.BaseTest" name="@AfterSuite afterSuite" time="0.0">
    <ignored/>
  </testcase> <!-- @AfterSuite afterSuite -->
  <testcase classname="com.saucedemo.tests.BaseTest" name="@AfterSuite afterSuite" time="0.0">
    <ignored/>
  </testcase> <!-- @AfterSuite afterSuite -->
  <testcase classname="com.saucedemo.tests.BaseTest" name="@BeforeSuite beforeSuite" time="0.0">
    <ignored/>
  </testcase> <!-- @BeforeSuite beforeSuite -->
  <testcase classname="com.saucedemo.tests.BaseTest" name="@AfterSuite afterSuite" time="0.0">
    <ignored/>
  </testcase> <!-- @AfterSuite afterSuite -->
  <testcase classname="com.saucedemo.tests.BaseTest" name="@BeforeSuite beforeSuite" time="0.0">
    <ignored/>
  </testcase> <!-- @BeforeSuite beforeSuite -->
  <testcase classname="com.saucedemo.tests.BaseTest" name="@AfterSuite afterSuite" time="0.0">
    <ignored/>
  </testcase> <!-- @AfterSuite afterSuite -->
  <testcase classname="com.saucedemo.tests.BaseTest" name="@BeforeSuite beforeSuite" time="0.0">
    <ignored/>
  </testcase> <!-- @BeforeSuite beforeSuite -->
  <testcase classname="com.saucedemo.tests.BaseTest" name="@BeforeSuite beforeSuite" time="0.0">
    <ignored/>
  </testcase> <!-- @BeforeSuite beforeSuite -->
  <testcase classname="com.saucedemo.tests.BaseTest" name="@AfterSuite afterSuite" time="0.0">
    <ignored/>
  </testcase> <!-- @AfterSuite afterSuite -->
  <testcase classname="com.saucedemo.tests.BaseTest" name="@BeforeSuite beforeSuite" time="0.0">
    <ignored/>
  </testcase> <!-- @BeforeSuite beforeSuite -->
</testsuite> <!-- UI Tests -->
