<?xml version="1.0" encoding="UTF-8"?>
<testng-results ignored="0" total="24" passed="24" failed="0" skipped="0">
  <reporter-output>
  </reporter-output>
  <suite started-at="2025-09-09T11:52:38 IST" name="SauceDemo Test Suite" finished-at="2025-09-09T11:54:44 IST" duration-ms="126312">
    <groups>
    </groups>
    <test started-at="2025-09-09T11:52:38 IST" name="UI Tests" finished-at="2025-09-09T11:54:44 IST" duration-ms="126312">
      <class name="com.saucedemo.tests.TestSortingProductPage">
        <test-method is-config="true" signature="setUp(java.lang.String,java.lang.reflect.Method)[pri:0, instance:com.saucedemo.tests.TestSortingProductPage@4afcd809]" started-at="2025-09-09T11:54:21 IST" name="setUp" finished-at="2025-09-09T11:54:23 IST" duration-ms="2626" status="PASS">
          <params>
            <param index="0">
              <value>
                <![CDATA[chrome]]>
              </value>
            </param>
            <param index="1">
              <value>
                <![CDATA[public void com.saucedemo.tests.TestSortingProductPage.sortByNameAtoZ()]]>
              </value>
            </param>
          </params>
          <reporter-output>
          </reporter-output>
        </test-method> <!-- setUp -->
        <test-method signature="sortByNameAtoZ()[pri:0, instance:com.saucedemo.tests.TestSortingProductPage@4afcd809]" started-at="2025-09-09T11:54:23 IST" name="sortByNameAtoZ" finished-at="2025-09-09T11:54:24 IST" duration-ms="709" status="PASS">
          <reporter-output>
          </reporter-output>
        </test-method> <!-- sortByNameAtoZ -->
        <test-method is-config="true" signature="tearDown(org.testng.ITestResult)[pri:0, instance:com.saucedemo.tests.TestSortingProductPage@4afcd809]" started-at="2025-09-09T11:54:24 IST" name="tearDown" finished-at="2025-09-09T11:54:24 IST" duration-ms="205" status="PASS">
          <params>
            <param index="0">
              <value>
                <![CDATA[[TestResult name=sortByNameAtoZ status=SUCCESS method=TestSortingProductPage.sortByNameAtoZ()[pri:0, instance:com.saucedemo.tests.TestSortingProductPage@4afcd809] output={null}]]]>
              </value>
            </param>
          </params>
          <reporter-output>
          </reporter-output>
        </test-method> <!-- tearDown -->
        <test-method is-config="true" signature="setUp(java.lang.String,java.lang.reflect.Method)[pri:0, instance:com.saucedemo.tests.TestSortingProductPage@4afcd809]" started-at="2025-09-09T11:54:24 IST" name="setUp" finished-at="2025-09-09T11:54:27 IST" duration-ms="2958" status="PASS">
          <params>
            <param index="0">
              <value>
                <![CDATA[chrome]]>
              </value>
            </param>
            <param index="1">
              <value>
                <![CDATA[public void com.saucedemo.tests.TestSortingProductPage.sortByNameZtoA()]]>
              </value>
            </param>
          </params>
          <reporter-output>
          </reporter-output>
        </test-method> <!-- setUp -->
        <test-method signature="sortByNameZtoA()[pri:0, instance:com.saucedemo.tests.TestSortingProductPage@4afcd809]" started-at="2025-09-09T11:54:27 IST" name="sortByNameZtoA" finished-at="2025-09-09T11:54:28 IST" duration-ms="789" status="PASS">
          <reporter-output>
          </reporter-output>
        </test-method> <!-- sortByNameZtoA -->
        <test-method is-config="true" signature="tearDown(org.testng.ITestResult)[pri:0, instance:com.saucedemo.tests.TestSortingProductPage@4afcd809]" started-at="2025-09-09T11:54:28 IST" name="tearDown" finished-at="2025-09-09T11:54:28 IST" duration-ms="229" status="PASS">
          <params>
            <param index="0">
              <value>
                <![CDATA[[TestResult name=sortByNameZtoA status=SUCCESS method=TestSortingProductPage.sortByNameZtoA()[pri:0, instance:com.saucedemo.tests.TestSortingProductPage@4afcd809] output={null}]]]>
              </value>
            </param>
          </params>
          <reporter-output>
          </reporter-output>
        </test-method> <!-- tearDown -->
        <test-method is-config="true" signature="setUp(java.lang.String,java.lang.reflect.Method)[pri:0, instance:com.saucedemo.tests.TestSortingProductPage@4afcd809]" started-at="2025-09-09T11:54:28 IST" name="setUp" finished-at="2025-09-09T11:54:32 IST" duration-ms="3322" status="PASS">
          <params>
            <param index="0">
              <value>
                <![CDATA[chrome]]>
              </value>
            </param>
            <param index="1">
              <value>
                <![CDATA[public void com.saucedemo.tests.TestSortingProductPage.sortByPriceHighToLow()]]>
              </value>
            </param>
          </params>
          <reporter-output>
          </reporter-output>
        </test-method> <!-- setUp -->
        <test-method signature="sortByPriceHighToLow()[pri:0, instance:com.saucedemo.tests.TestSortingProductPage@4afcd809]" started-at="2025-09-09T11:54:32 IST" name="sortByPriceHighToLow" finished-at="2025-09-09T11:54:33 IST" duration-ms="1007" status="PASS">
          <reporter-output>
          </reporter-output>
        </test-method> <!-- sortByPriceHighToLow -->
        <test-method is-config="true" signature="tearDown(org.testng.ITestResult)[pri:0, instance:com.saucedemo.tests.TestSortingProductPage@4afcd809]" started-at="2025-09-09T11:54:33 IST" name="tearDown" finished-at="2025-09-09T11:54:33 IST" duration-ms="218" status="PASS">
          <params>
            <param index="0">
              <value>
                <![CDATA[[TestResult name=sortByPriceHighToLow status=SUCCESS method=TestSortingProductPage.sortByPriceHighToLow()[pri:0, instance:com.saucedemo.tests.TestSortingProductPage@4afcd809] output={null}]]]>
              </value>
            </param>
          </params>
          <reporter-output>
          </reporter-output>
        </test-method> <!-- tearDown -->
        <test-method is-config="true" signature="setUp(java.lang.String,java.lang.reflect.Method)[pri:0, instance:com.saucedemo.tests.TestSortingProductPage@4afcd809]" started-at="2025-09-09T11:54:33 IST" name="setUp" finished-at="2025-09-09T11:54:37 IST" duration-ms="4367" status="PASS">
          <params>
            <param index="0">
              <value>
                <![CDATA[chrome]]>
              </value>
            </param>
            <param index="1">
              <value>
                <![CDATA[public void com.saucedemo.tests.TestSortingProductPage.sortByPriceLowToHigh()]]>
              </value>
            </param>
          </params>
          <reporter-output>
          </reporter-output>
        </test-method> <!-- setUp -->
        <test-method signature="sortByPriceLowToHigh()[pri:0, instance:com.saucedemo.tests.TestSortingProductPage@4afcd809]" started-at="2025-09-09T11:54:37 IST" name="sortByPriceLowToHigh" finished-at="2025-09-09T11:54:39 IST" duration-ms="1948" status="PASS">
          <reporter-output>
          </reporter-output>
        </test-method> <!-- sortByPriceLowToHigh -->
        <test-method is-config="true" signature="tearDown(org.testng.ITestResult)[pri:0, instance:com.saucedemo.tests.TestSortingProductPage@4afcd809]" started-at="2025-09-09T11:54:39 IST" name="tearDown" finished-at="2025-09-09T11:54:40 IST" duration-ms="430" status="PASS">
          <params>
            <param index="0">
              <value>
                <![CDATA[[TestResult name=sortByPriceLowToHigh status=SUCCESS method=TestSortingProductPage.sortByPriceLowToHigh()[pri:0, instance:com.saucedemo.tests.TestSortingProductPage@4afcd809] output={null}]]]>
              </value>
            </param>
          </params>
          <reporter-output>
          </reporter-output>
        </test-method> <!-- tearDown -->
      </class> <!-- com.saucedemo.tests.TestSortingProductPage -->
      <class name="com.saucedemo.tests.TestAddToCartPage">
        <test-method is-config="true" signature="setUp(java.lang.String,java.lang.reflect.Method)[pri:0, instance:com.saucedemo.tests.TestAddToCartPage@128d2484]" started-at="2025-09-09T11:53:17 IST" name="setUp" finished-at="2025-09-09T11:53:20 IST" duration-ms="3188" status="PASS">
          <params>
            <param index="0">
              <value>
                <![CDATA[chrome]]>
              </value>
            </param>
            <param index="1">
              <value>
                <![CDATA[public void com.saucedemo.tests.TestAddToCartPage.addItemUpdatesCartBadge()]]>
              </value>
            </param>
          </params>
          <reporter-output>
          </reporter-output>
        </test-method> <!-- setUp -->
        <test-method is-config="true" signature="loginBeforeEachTest()[pri:0, instance:com.saucedemo.tests.TestAddToCartPage@128d2484]" started-at="2025-09-09T11:53:20 IST" name="loginBeforeEachTest" finished-at="2025-09-09T11:53:20 IST" duration-ms="512" status="PASS">
          <reporter-output>
          </reporter-output>
        </test-method> <!-- loginBeforeEachTest -->
        <test-method signature="addItemUpdatesCartBadge()[pri:0, instance:com.saucedemo.tests.TestAddToCartPage@128d2484]" started-at="2025-09-09T11:53:20 IST" name="addItemUpdatesCartBadge" finished-at="2025-09-09T11:53:21 IST" duration-ms="107" status="PASS">
          <reporter-output>
          </reporter-output>
        </test-method> <!-- addItemUpdatesCartBadge -->
        <test-method is-config="true" signature="tearDown(org.testng.ITestResult)[pri:0, instance:com.saucedemo.tests.TestAddToCartPage@128d2484]" started-at="2025-09-09T11:53:21 IST" name="tearDown" finished-at="2025-09-09T11:53:21 IST" duration-ms="337" status="PASS">
          <params>
            <param index="0">
              <value>
                <![CDATA[[TestResult name=addItemUpdatesCartBadge status=SUCCESS method=TestAddToCartPage.addItemUpdatesCartBadge()[pri:0, instance:com.saucedemo.tests.TestAddToCartPage@128d2484] output={null}]]]>
              </value>
            </param>
          </params>
          <reporter-output>
          </reporter-output>
        </test-method> <!-- tearDown -->
        <test-method is-config="true" signature="setUp(java.lang.String,java.lang.reflect.Method)[pri:0, instance:com.saucedemo.tests.TestAddToCartPage@128d2484]" started-at="2025-09-09T11:53:21 IST" name="setUp" finished-at="2025-09-09T11:53:25 IST" duration-ms="3600" status="PASS">
          <params>
            <param index="0">
              <value>
                <![CDATA[chrome]]>
              </value>
            </param>
            <param index="1">
              <value>
                <![CDATA[public void com.saucedemo.tests.TestAddToCartPage.addToCartButtonChangesToRemove()]]>
              </value>
            </param>
          </params>
          <reporter-output>
          </reporter-output>
        </test-method> <!-- setUp -->
        <test-method is-config="true" signature="loginBeforeEachTest()[pri:0, instance:com.saucedemo.tests.TestAddToCartPage@128d2484]" started-at="2025-09-09T11:53:25 IST" name="loginBeforeEachTest" finished-at="2025-09-09T11:53:25 IST" duration-ms="554" status="PASS">
          <reporter-output>
          </reporter-output>
        </test-method> <!-- loginBeforeEachTest -->
        <test-method signature="addToCartButtonChangesToRemove()[pri:0, instance:com.saucedemo.tests.TestAddToCartPage@128d2484]" started-at="2025-09-09T11:53:25 IST" name="addToCartButtonChangesToRemove" finished-at="2025-09-09T11:53:25 IST" duration-ms="177" status="PASS">
          <reporter-output>
          </reporter-output>
        </test-method> <!-- addToCartButtonChangesToRemove -->
        <test-method is-config="true" signature="tearDown(org.testng.ITestResult)[pri:0, instance:com.saucedemo.tests.TestAddToCartPage@128d2484]" started-at="2025-09-09T11:53:25 IST" name="tearDown" finished-at="2025-09-09T11:53:26 IST" duration-ms="296" status="PASS">
          <params>
            <param index="0">
              <value>
                <![CDATA[[TestResult name=addToCartButtonChangesToRemove status=SUCCESS method=TestAddToCartPage.addToCartButtonChangesToRemove()[pri:0, instance:com.saucedemo.tests.TestAddToCartPage@128d2484] output={null}]]]>
              </value>
            </param>
          </params>
          <reporter-output>
          </reporter-output>
        </test-method> <!-- tearDown -->
        <test-method is-config="true" signature="setUp(java.lang.String,java.lang.reflect.Method)[pri:0, instance:com.saucedemo.tests.TestAddToCartPage@128d2484]" started-at="2025-09-09T11:53:26 IST" name="setUp" finished-at="2025-09-09T11:53:29 IST" duration-ms="3464" status="PASS">
          <params>
            <param index="0">
              <value>
                <![CDATA[chrome]]>
              </value>
            </param>
            <param index="1">
              <value>
                <![CDATA[public void com.saucedemo.tests.TestAddToCartPage.cartBadgeAccumulatesItems()]]>
              </value>
            </param>
          </params>
          <reporter-output>
          </reporter-output>
        </test-method> <!-- setUp -->
        <test-method is-config="true" signature="loginBeforeEachTest()[pri:0, instance:com.saucedemo.tests.TestAddToCartPage@128d2484]" started-at="2025-09-09T11:53:29 IST" name="loginBeforeEachTest" finished-at="2025-09-09T11:53:30 IST" duration-ms="538" status="PASS">
          <reporter-output>
          </reporter-output>
        </test-method> <!-- loginBeforeEachTest -->
        <test-method signature="cartBadgeAccumulatesItems()[pri:0, instance:com.saucedemo.tests.TestAddToCartPage@128d2484]" started-at="2025-09-09T11:53:30 IST" name="cartBadgeAccumulatesItems" finished-at="2025-09-09T11:53:30 IST" duration-ms="195" status="PASS">
          <reporter-output>
          </reporter-output>
        </test-method> <!-- cartBadgeAccumulatesItems -->
        <test-method is-config="true" signature="tearDown(org.testng.ITestResult)[pri:0, instance:com.saucedemo.tests.TestAddToCartPage@128d2484]" started-at="2025-09-09T11:53:30 IST" name="tearDown" finished-at="2025-09-09T11:53:30 IST" duration-ms="318" status="PASS">
          <params>
            <param index="0">
              <value>
                <![CDATA[[TestResult name=cartBadgeAccumulatesItems status=SUCCESS method=TestAddToCartPage.cartBadgeAccumulatesItems()[pri:0, instance:com.saucedemo.tests.TestAddToCartPage@128d2484] output={null}]]]>
              </value>
            </param>
          </params>
          <reporter-output>
          </reporter-output>
        </test-method> <!-- tearDown -->
        <test-method is-config="true" signature="setUp(java.lang.String,java.lang.reflect.Method)[pri:0, instance:com.saucedemo.tests.TestAddToCartPage@128d2484]" started-at="2025-09-09T11:53:30 IST" name="setUp" finished-at="2025-09-09T11:53:34 IST" duration-ms="3703" status="PASS">
          <params>
            <param index="0">
              <value>
                <![CDATA[chrome]]>
              </value>
            </param>
            <param index="1">
              <value>
                <![CDATA[public void com.saucedemo.tests.TestAddToCartPage.cartLinkNavigatesToCartPage()]]>
              </value>
            </param>
          </params>
          <reporter-output>
          </reporter-output>
        </test-method> <!-- setUp -->
        <test-method is-config="true" signature="loginBeforeEachTest()[pri:0, instance:com.saucedemo.tests.TestAddToCartPage@128d2484]" started-at="2025-09-09T11:53:34 IST" name="loginBeforeEachTest" finished-at="2025-09-09T11:53:34 IST" duration-ms="536" status="PASS">
          <reporter-output>
          </reporter-output>
        </test-method> <!-- loginBeforeEachTest -->
        <test-method signature="cartLinkNavigatesToCartPage()[pri:0, instance:com.saucedemo.tests.TestAddToCartPage@128d2484]" started-at="2025-09-09T11:53:34 IST" name="cartLinkNavigatesToCartPage" finished-at="2025-09-09T11:53:35 IST" duration-ms="202" status="PASS">
          <reporter-output>
          </reporter-output>
        </test-method> <!-- cartLinkNavigatesToCartPage -->
        <test-method is-config="true" signature="tearDown(org.testng.ITestResult)[pri:0, instance:com.saucedemo.tests.TestAddToCartPage@128d2484]" started-at="2025-09-09T11:53:35 IST" name="tearDown" finished-at="2025-09-09T11:53:35 IST" duration-ms="309" status="PASS">
          <params>
            <param index="0">
              <value>
                <![CDATA[[TestResult name=cartLinkNavigatesToCartPage status=SUCCESS method=TestAddToCartPage.cartLinkNavigatesToCartPage()[pri:0, instance:com.saucedemo.tests.TestAddToCartPage@128d2484] output={null}]]]>
              </value>
            </param>
          </params>
          <reporter-output>
          </reporter-output>
        </test-method> <!-- tearDown -->
        <test-method is-config="true" signature="setUp(java.lang.String,java.lang.reflect.Method)[pri:0, instance:com.saucedemo.tests.TestAddToCartPage@128d2484]" started-at="2025-09-09T11:53:35 IST" name="setUp" finished-at="2025-09-09T11:53:38 IST" duration-ms="2677" status="PASS">
          <params>
            <param index="0">
              <value>
                <![CDATA[chrome]]>
              </value>
            </param>
            <param index="1">
              <value>
                <![CDATA[public void com.saucedemo.tests.TestAddToCartPage.removeFromCartButtonChangesToAddToCart()]]>
              </value>
            </param>
          </params>
          <reporter-output>
          </reporter-output>
        </test-method> <!-- setUp -->
        <test-method is-config="true" signature="loginBeforeEachTest()[pri:0, instance:com.saucedemo.tests.TestAddToCartPage@128d2484]" started-at="2025-09-09T11:53:38 IST" name="loginBeforeEachTest" finished-at="2025-09-09T11:53:38 IST" duration-ms="504" status="PASS">
          <reporter-output>
          </reporter-output>
        </test-method> <!-- loginBeforeEachTest -->
        <test-method signature="removeFromCartButtonChangesToAddToCart()[pri:0, instance:com.saucedemo.tests.TestAddToCartPage@128d2484]" started-at="2025-09-09T11:53:38 IST" name="removeFromCartButtonChangesToAddToCart" finished-at="2025-09-09T11:53:38 IST" duration-ms="180" status="PASS">
          <reporter-output>
          </reporter-output>
        </test-method> <!-- removeFromCartButtonChangesToAddToCart -->
        <test-method is-config="true" signature="tearDown(org.testng.ITestResult)[pri:0, instance:com.saucedemo.tests.TestAddToCartPage@128d2484]" started-at="2025-09-09T11:53:38 IST" name="tearDown" finished-at="2025-09-09T11:53:38 IST" duration-ms="239" status="PASS">
          <params>
            <param index="0">
              <value>
                <![CDATA[[TestResult name=removeFromCartButtonChangesToAddToCart status=SUCCESS method=TestAddToCartPage.removeFromCartButtonChangesToAddToCart()[pri:0, instance:com.saucedemo.tests.TestAddToCartPage@128d2484] output={null}]]]>
              </value>
            </param>
          </params>
          <reporter-output>
          </reporter-output>
        </test-method> <!-- tearDown -->
        <test-method is-config="true" signature="setUp(java.lang.String,java.lang.reflect.Method)[pri:0, instance:com.saucedemo.tests.TestAddToCartPage@128d2484]" started-at="2025-09-09T11:53:38 IST" name="setUp" finished-at="2025-09-09T11:53:42 IST" duration-ms="3316" status="PASS">
          <params>
            <param index="0">
              <value>
                <![CDATA[chrome]]>
              </value>
            </param>
            <param index="1">
              <value>
                <![CDATA[public void com.saucedemo.tests.TestAddToCartPage.removeItemUpdatesCartBadgeToZero()]]>
              </value>
            </param>
          </params>
          <reporter-output>
          </reporter-output>
        </test-method> <!-- setUp -->
        <test-method is-config="true" signature="loginBeforeEachTest()[pri:0, instance:com.saucedemo.tests.TestAddToCartPage@128d2484]" started-at="2025-09-09T11:53:42 IST" name="loginBeforeEachTest" finished-at="2025-09-09T11:53:42 IST" duration-ms="499" status="PASS">
          <reporter-output>
          </reporter-output>
        </test-method> <!-- loginBeforeEachTest -->
        <test-method signature="removeItemUpdatesCartBadgeToZero()[pri:0, instance:com.saucedemo.tests.TestAddToCartPage@128d2484]" started-at="2025-09-09T11:53:42 IST" name="removeItemUpdatesCartBadgeToZero" finished-at="2025-09-09T11:53:42 IST" duration-ms="166" status="PASS">
          <reporter-output>
          </reporter-output>
        </test-method> <!-- removeItemUpdatesCartBadgeToZero -->
        <test-method is-config="true" signature="tearDown(org.testng.ITestResult)[pri:0, instance:com.saucedemo.tests.TestAddToCartPage@128d2484]" started-at="2025-09-09T11:53:42 IST" name="tearDown" finished-at="2025-09-09T11:53:43 IST" duration-ms="243" status="PASS">
          <params>
            <param index="0">
              <value>
                <![CDATA[[TestResult name=removeItemUpdatesCartBadgeToZero status=SUCCESS method=TestAddToCartPage.removeItemUpdatesCartBadgeToZero()[pri:0, instance:com.saucedemo.tests.TestAddToCartPage@128d2484] output={null}]]]>
              </value>
            </param>
          </params>
          <reporter-output>
          </reporter-output>
        </test-method> <!-- tearDown -->
      </class> <!-- com.saucedemo.tests.TestAddToCartPage -->
      <class name="com.saucedemo.tests.TestCartBadgeCountValidationPage">
        <test-method is-config="true" signature="setUp(java.lang.String,java.lang.reflect.Method)[pri:0, instance:com.saucedemo.tests.TestCartBadgeCountValidationPage@3754a4bf]" started-at="2025-09-09T11:53:43 IST" name="setUp" finished-at="2025-09-09T11:53:46 IST" duration-ms="3183" status="PASS">
          <params>
            <param index="0">
              <value>
                <![CDATA[chrome]]>
              </value>
            </param>
            <param index="1">
              <value>
                <![CDATA[public void com.saucedemo.tests.TestCartBadgeCountValidationPage.badgeIncrementsWhenAddingItems()]]>
              </value>
            </param>
          </params>
          <reporter-output>
          </reporter-output>
        </test-method> <!-- setUp -->
        <test-method is-config="true" signature="loginAndSetup()[pri:0, instance:com.saucedemo.tests.TestCartBadgeCountValidationPage@3754a4bf]" started-at="2025-09-09T11:53:46 IST" name="loginAndSetup" finished-at="2025-09-09T11:53:46 IST" duration-ms="547" status="PASS">
          <reporter-output>
          </reporter-output>
        </test-method> <!-- loginAndSetup -->
        <test-method signature="badgeIncrementsWhenAddingItems()[pri:0, instance:com.saucedemo.tests.TestCartBadgeCountValidationPage@3754a4bf]" started-at="2025-09-09T11:53:46 IST" name="badgeIncrementsWhenAddingItems" finished-at="2025-09-09T11:53:47 IST" duration-ms="233" status="PASS">
          <reporter-output>
          </reporter-output>
        </test-method> <!-- badgeIncrementsWhenAddingItems -->
        <test-method is-config="true" signature="tearDown(org.testng.ITestResult)[pri:0, instance:com.saucedemo.tests.TestCartBadgeCountValidationPage@3754a4bf]" started-at="2025-09-09T11:53:47 IST" name="tearDown" finished-at="2025-09-09T11:53:47 IST" duration-ms="322" status="PASS">
          <params>
            <param index="0">
              <value>
                <![CDATA[[TestResult name=badgeIncrementsWhenAddingItems status=SUCCESS method=TestCartBadgeCountValidationPage.badgeIncrementsWhenAddingItems()[pri:0, instance:com.saucedemo.tests.TestCartBadgeCountValidationPage@3754a4bf] output={null}]]]>
              </value>
            </param>
          </params>
          <reporter-output>
          </reporter-output>
        </test-method> <!-- tearDown -->
        <test-method is-config="true" signature="setUp(java.lang.String,java.lang.reflect.Method)[pri:0, instance:com.saucedemo.tests.TestCartBadgeCountValidationPage@3754a4bf]" started-at="2025-09-09T11:53:47 IST" name="setUp" finished-at="2025-09-09T11:53:50 IST" duration-ms="2707" status="PASS">
          <params>
            <param index="0">
              <value>
                <![CDATA[chrome]]>
              </value>
            </param>
            <param index="1">
              <value>
                <![CDATA[public void com.saucedemo.tests.TestCartBadgeCountValidationPage.badgeShowsTwoWhenAddingTwoItems()]]>
              </value>
            </param>
          </params>
          <reporter-output>
          </reporter-output>
        </test-method> <!-- setUp -->
        <test-method is-config="true" signature="loginAndSetup()[pri:0, instance:com.saucedemo.tests.TestCartBadgeCountValidationPage@3754a4bf]" started-at="2025-09-09T11:53:50 IST" name="loginAndSetup" finished-at="2025-09-09T11:53:51 IST" duration-ms="855" status="PASS">
          <reporter-output>
          </reporter-output>
        </test-method> <!-- loginAndSetup -->
        <test-method signature="badgeShowsTwoWhenAddingTwoItems()[pri:0, instance:com.saucedemo.tests.TestCartBadgeCountValidationPage@3754a4bf]" started-at="2025-09-09T11:53:51 IST" name="badgeShowsTwoWhenAddingTwoItems" finished-at="2025-09-09T11:53:51 IST" duration-ms="248" status="PASS">
          <reporter-output>
          </reporter-output>
        </test-method> <!-- badgeShowsTwoWhenAddingTwoItems -->
        <test-method is-config="true" signature="tearDown(org.testng.ITestResult)[pri:0, instance:com.saucedemo.tests.TestCartBadgeCountValidationPage@3754a4bf]" started-at="2025-09-09T11:53:51 IST" name="tearDown" finished-at="2025-09-09T11:53:51 IST" duration-ms="329" status="PASS">
          <params>
            <param index="0">
              <value>
                <![CDATA[[TestResult name=badgeShowsTwoWhenAddingTwoItems status=SUCCESS method=TestCartBadgeCountValidationPage.badgeShowsTwoWhenAddingTwoItems()[pri:0, instance:com.saucedemo.tests.TestCartBadgeCountValidationPage@3754a4bf] output={null}]]]>
              </value>
            </param>
          </params>
          <reporter-output>
          </reporter-output>
        </test-method> <!-- tearDown -->
        <test-method is-config="true" signature="setUp(java.lang.String,java.lang.reflect.Method)[pri:0, instance:com.saucedemo.tests.TestCartBadgeCountValidationPage@3754a4bf]" started-at="2025-09-09T11:53:51 IST" name="setUp" finished-at="2025-09-09T11:53:55 IST" duration-ms="3724" status="PASS">
          <params>
            <param index="0">
              <value>
                <![CDATA[chrome]]>
              </value>
            </param>
            <param index="1">
              <value>
                <![CDATA[public void com.saucedemo.tests.TestCartBadgeCountValidationPage.badgeUpdatesAfterRemovingItem()]]>
              </value>
            </param>
          </params>
          <reporter-output>
          </reporter-output>
        </test-method> <!-- setUp -->
        <test-method is-config="true" signature="loginAndSetup()[pri:0, instance:com.saucedemo.tests.TestCartBadgeCountValidationPage@3754a4bf]" started-at="2025-09-09T11:53:55 IST" name="loginAndSetup" finished-at="2025-09-09T11:53:55 IST" duration-ms="545" status="PASS">
          <reporter-output>
          </reporter-output>
        </test-method> <!-- loginAndSetup -->
        <test-method signature="badgeUpdatesAfterRemovingItem()[pri:0, instance:com.saucedemo.tests.TestCartBadgeCountValidationPage@3754a4bf]" started-at="2025-09-09T11:53:55 IST" name="badgeUpdatesAfterRemovingItem" finished-at="2025-09-09T11:53:56 IST" duration-ms="306" status="PASS">
          <reporter-output>
          </reporter-output>
        </test-method> <!-- badgeUpdatesAfterRemovingItem -->
        <test-method is-config="true" signature="tearDown(org.testng.ITestResult)[pri:0, instance:com.saucedemo.tests.TestCartBadgeCountValidationPage@3754a4bf]" started-at="2025-09-09T11:53:56 IST" name="tearDown" finished-at="2025-09-09T11:53:56 IST" duration-ms="303" status="PASS">
          <params>
            <param index="0">
              <value>
                <![CDATA[[TestResult name=badgeUpdatesAfterRemovingItem status=SUCCESS method=TestCartBadgeCountValidationPage.badgeUpdatesAfterRemovingItem()[pri:0, instance:com.saucedemo.tests.TestCartBadgeCountValidationPage@3754a4bf] output={null}]]]>
              </value>
            </param>
          </params>
          <reporter-output>
          </reporter-output>
        </test-method> <!-- tearDown -->
      </class> <!-- com.saucedemo.tests.TestCartBadgeCountValidationPage -->
      <class name="com.saucedemo.tests.BaseTest">
        <test-method is-config="true" signature="beforeSuite()[pri:0, instance:com.saucedemo.tests.BaseTest@351d00c0]" started-at="2025-09-09T11:52:38 IST" name="beforeSuite" finished-at="2025-09-09T11:52:38 IST" duration-ms="587" status="PASS">
          <reporter-output>
          </reporter-output>
        </test-method> <!-- beforeSuite -->
        <test-method is-config="true" signature="afterSuite()[pri:0, instance:com.saucedemo.tests.BaseTest@351d00c0]" started-at="2025-09-09T11:54:44 IST" name="afterSuite" finished-at="2025-09-09T11:54:45 IST" duration-ms="537" status="PASS">
          <reporter-output>
          </reporter-output>
        </test-method> <!-- afterSuite -->
      </class> <!-- com.saucedemo.tests.BaseTest -->
      <class name="com.saucedemo.tests.TestCheckoutPage">
        <test-method is-config="true" signature="setUp(java.lang.String,java.lang.reflect.Method)[pri:0, instance:com.saucedemo.tests.TestCheckoutPage@62379589]" started-at="2025-09-09T11:53:56 IST" name="setUp" finished-at="2025-09-09T11:53:59 IST" duration-ms="3226" status="PASS">
          <params>
            <param index="0">
              <value>
                <![CDATA[chrome]]>
              </value>
            </param>
            <param index="1">
              <value>
                <![CDATA[public void com.saucedemo.tests.TestCheckoutPage.cancelCheckoutShouldReturnToCart()]]>
              </value>
            </param>
          </params>
          <reporter-output>
          </reporter-output>
        </test-method> <!-- setUp -->
        <test-method signature="cancelCheckoutShouldReturnToCart()[pri:0, instance:com.saucedemo.tests.TestCheckoutPage@62379589]" started-at="2025-09-09T11:53:59 IST" name="cancelCheckoutShouldReturnToCart" finished-at="2025-09-09T11:54:01 IST" duration-ms="1644" status="PASS">
          <reporter-output>
          </reporter-output>
        </test-method> <!-- cancelCheckoutShouldReturnToCart -->
        <test-method is-config="true" signature="tearDown(org.testng.ITestResult)[pri:0, instance:com.saucedemo.tests.TestCheckoutPage@62379589]" started-at="2025-09-09T11:54:01 IST" name="tearDown" finished-at="2025-09-09T11:54:02 IST" duration-ms="705" status="PASS">
          <params>
            <param index="0">
              <value>
                <![CDATA[[TestResult name=cancelCheckoutShouldReturnToCart status=SUCCESS method=TestCheckoutPage.cancelCheckoutShouldReturnToCart()[pri:0, instance:com.saucedemo.tests.TestCheckoutPage@62379589] output={null}]]]>
              </value>
            </param>
          </params>
          <reporter-output>
          </reporter-output>
        </test-method> <!-- tearDown -->
        <test-method is-config="true" signature="setUp(java.lang.String,java.lang.reflect.Method)[pri:0, instance:com.saucedemo.tests.TestCheckoutPage@62379589]" started-at="2025-09-09T11:54:02 IST" name="setUp" finished-at="2025-09-09T11:54:06 IST" duration-ms="4020" status="PASS">
          <params>
            <param index="0">
              <value>
                <![CDATA[chrome]]>
              </value>
            </param>
            <param index="1">
              <value>
                <![CDATA[public void com.saucedemo.tests.TestCheckoutPage.cannotCheckoutWithEmptyCart()]]>
              </value>
            </param>
          </params>
          <reporter-output>
          </reporter-output>
        </test-method> <!-- setUp -->
        <test-method signature="cannotCheckoutWithEmptyCart()[pri:0, instance:com.saucedemo.tests.TestCheckoutPage@62379589]" started-at="2025-09-09T11:54:06 IST" name="cannotCheckoutWithEmptyCart" finished-at="2025-09-09T11:54:07 IST" duration-ms="1659" status="PASS">
          <reporter-output>
          </reporter-output>
        </test-method> <!-- cannotCheckoutWithEmptyCart -->
        <test-method is-config="true" signature="tearDown(org.testng.ITestResult)[pri:0, instance:com.saucedemo.tests.TestCheckoutPage@62379589]" started-at="2025-09-09T11:54:07 IST" name="tearDown" finished-at="2025-09-09T11:54:08 IST" duration-ms="388" status="PASS">
          <params>
            <param index="0">
              <value>
                <![CDATA[[TestResult name=cannotCheckoutWithEmptyCart status=SUCCESS method=TestCheckoutPage.cannotCheckoutWithEmptyCart()[pri:0, instance:com.saucedemo.tests.TestCheckoutPage@62379589] output={null}]]]>
              </value>
            </param>
          </params>
          <reporter-output>
          </reporter-output>
        </test-method> <!-- tearDown -->
        <test-method is-config="true" signature="setUp(java.lang.String,java.lang.reflect.Method)[pri:0, instance:com.saucedemo.tests.TestCheckoutPage@62379589]" started-at="2025-09-09T11:54:08 IST" name="setUp" finished-at="2025-09-09T11:54:12 IST" duration-ms="4252" status="PASS">
          <params>
            <param index="0">
              <value>
                <![CDATA[chrome]]>
              </value>
            </param>
            <param index="1">
              <value>
                <![CDATA[public void com.saucedemo.tests.TestCheckoutPage.checkoutShowsCorrectConfirmationMessage()]]>
              </value>
            </param>
          </params>
          <reporter-output>
          </reporter-output>
        </test-method> <!-- setUp -->
        <test-method signature="checkoutShowsCorrectConfirmationMessage()[pri:0, instance:com.saucedemo.tests.TestCheckoutPage@62379589]" started-at="2025-09-09T11:54:12 IST" name="checkoutShowsCorrectConfirmationMessage" finished-at="2025-09-09T11:54:14 IST" duration-ms="2206" status="PASS">
          <reporter-output>
          </reporter-output>
        </test-method> <!-- checkoutShowsCorrectConfirmationMessage -->
        <test-method is-config="true" signature="tearDown(org.testng.ITestResult)[pri:0, instance:com.saucedemo.tests.TestCheckoutPage@62379589]" started-at="2025-09-09T11:54:14 IST" name="tearDown" finished-at="2025-09-09T11:54:15 IST" duration-ms="1009" status="PASS">
          <params>
            <param index="0">
              <value>
                <![CDATA[[TestResult name=checkoutShowsCorrectConfirmationMessage status=SUCCESS method=TestCheckoutPage.checkoutShowsCorrectConfirmationMessage()[pri:0, instance:com.saucedemo.tests.TestCheckoutPage@62379589] output={null}]]]>
              </value>
            </param>
          </params>
          <reporter-output>
          </reporter-output>
        </test-method> <!-- tearDown -->
        <test-method is-config="true" signature="setUp(java.lang.String,java.lang.reflect.Method)[pri:0, instance:com.saucedemo.tests.TestCheckoutPage@62379589]" started-at="2025-09-09T11:54:15 IST" name="setUp" finished-at="2025-09-09T11:54:19 IST" duration-ms="4058" status="PASS">
          <params>
            <param index="0">
              <value>
                <![CDATA[chrome]]>
              </value>
            </param>
            <param index="1">
              <value>
                <![CDATA[public void com.saucedemo.tests.TestCheckoutPage.completeCheckoutFlow()]]>
              </value>
            </param>
          </params>
          <reporter-output>
          </reporter-output>
        </test-method> <!-- setUp -->
        <test-method signature="completeCheckoutFlow()[pri:0, instance:com.saucedemo.tests.TestCheckoutPage@62379589]" started-at="2025-09-09T11:54:19 IST" name="completeCheckoutFlow" finished-at="2025-09-09T11:54:20 IST" duration-ms="1328" status="PASS">
          <reporter-output>
          </reporter-output>
        </test-method> <!-- completeCheckoutFlow -->
        <test-method is-config="true" signature="tearDown(org.testng.ITestResult)[pri:0, instance:com.saucedemo.tests.TestCheckoutPage@62379589]" started-at="2025-09-09T11:54:20 IST" name="tearDown" finished-at="2025-09-09T11:54:21 IST" duration-ms="315" status="PASS">
          <params>
            <param index="0">
              <value>
                <![CDATA[[TestResult name=completeCheckoutFlow status=SUCCESS method=TestCheckoutPage.completeCheckoutFlow()[pri:0, instance:com.saucedemo.tests.TestCheckoutPage@62379589] output={null}]]]>
              </value>
            </param>
          </params>
          <reporter-output>
          </reporter-output>
        </test-method> <!-- tearDown -->
      </class> <!-- com.saucedemo.tests.TestCheckoutPage -->
      <class name="com.saucedemo.tests.TestLogoutPage">
        <test-method is-config="true" signature="setUp(java.lang.String,java.lang.reflect.Method)[pri:0, instance:com.saucedemo.tests.TestLogoutPage@175c2241]" started-at="2025-09-09T11:54:40 IST" name="setUp" finished-at="2025-09-09T11:54:43 IST" duration-ms="3165" status="PASS">
          <params>
            <param index="0">
              <value>
                <![CDATA[chrome]]>
              </value>
            </param>
            <param index="1">
              <value>
                <![CDATA[public void com.saucedemo.tests.TestLogoutPage.logoutWorks() throws java.lang.InterruptedException]]>
              </value>
            </param>
          </params>
          <reporter-output>
          </reporter-output>
        </test-method> <!-- setUp -->
        <test-method signature="logoutWorks()[pri:0, instance:com.saucedemo.tests.TestLogoutPage@175c2241]" started-at="2025-09-09T11:54:43 IST" name="logoutWorks" finished-at="2025-09-09T11:54:44 IST" duration-ms="1438" status="PASS">
          <reporter-output>
          </reporter-output>
        </test-method> <!-- logoutWorks -->
        <test-method is-config="true" signature="tearDown(org.testng.ITestResult)[pri:0, instance:com.saucedemo.tests.TestLogoutPage@175c2241]" started-at="2025-09-09T11:54:44 IST" name="tearDown" finished-at="2025-09-09T11:54:44 IST" duration-ms="234" status="PASS">
          <params>
            <param index="0">
              <value>
                <![CDATA[[TestResult name=logoutWorks status=SUCCESS method=TestLogoutPage.logoutWorks()[pri:0, instance:com.saucedemo.tests.TestLogoutPage@175c2241] output={null}]]]>
              </value>
            </param>
          </params>
          <reporter-output>
          </reporter-output>
        </test-method> <!-- tearDown -->
      </class> <!-- com.saucedemo.tests.TestLogoutPage -->
      <class name="com.saucedemo.tests.LoginPageTest">
        <test-method is-config="true" signature="setUp(java.lang.String,java.lang.reflect.Method)[pri:0, instance:com.saucedemo.tests.LoginPageTest@459e9125]" started-at="2025-09-09T11:52:38 IST" name="setUp" finished-at="2025-09-09T11:52:43 IST" duration-ms="4344" status="PASS">
          <params>
            <param index="0">
              <value>
                <![CDATA[chrome]]>
              </value>
            </param>
            <param index="1">
              <value>
                <![CDATA[public void com.saucedemo.tests.LoginPageTest.allValidUsersShouldLoginSuccessfully()]]>
              </value>
            </param>
          </params>
          <reporter-output>
          </reporter-output>
        </test-method> <!-- setUp -->
        <test-method signature="allValidUsersShouldLoginSuccessfully()[pri:0, instance:com.saucedemo.tests.LoginPageTest@459e9125]" started-at="2025-09-09T11:52:43 IST" name="allValidUsersShouldLoginSuccessfully" finished-at="2025-09-09T11:52:53 IST" duration-ms="10807" status="PASS">
          <reporter-output>
          </reporter-output>
        </test-method> <!-- allValidUsersShouldLoginSuccessfully -->
        <test-method is-config="true" signature="tearDown(org.testng.ITestResult)[pri:0, instance:com.saucedemo.tests.LoginPageTest@459e9125]" started-at="2025-09-09T11:52:53 IST" name="tearDown" finished-at="2025-09-09T11:52:54 IST" duration-ms="370" status="PASS">
          <params>
            <param index="0">
              <value>
                <![CDATA[[TestResult name=allValidUsersShouldLoginSuccessfully status=SUCCESS method=LoginPageTest.allValidUsersShouldLoginSuccessfully()[pri:0, instance:com.saucedemo.tests.LoginPageTest@459e9125] output={null}]]]>
              </value>
            </param>
          </params>
          <reporter-output>
          </reporter-output>
        </test-method> <!-- tearDown -->
        <test-method is-config="true" signature="setUp(java.lang.String,java.lang.reflect.Method)[pri:0, instance:com.saucedemo.tests.LoginPageTest@459e9125]" started-at="2025-09-09T11:52:54 IST" name="setUp" finished-at="2025-09-09T11:52:57 IST" duration-ms="3543" status="PASS">
          <params>
            <param index="0">
              <value>
                <![CDATA[chrome]]>
              </value>
            </param>
            <param index="1">
              <value>
                <![CDATA[public void com.saucedemo.tests.LoginPageTest.invalidUserShowsError()]]>
              </value>
            </param>
          </params>
          <reporter-output>
          </reporter-output>
        </test-method> <!-- setUp -->
        <test-method signature="invalidUserShowsError()[pri:0, instance:com.saucedemo.tests.LoginPageTest@459e9125]" started-at="2025-09-09T11:52:57 IST" name="invalidUserShowsError" finished-at="2025-09-09T11:52:58 IST" duration-ms="608" status="PASS">
          <reporter-output>
          </reporter-output>
        </test-method> <!-- invalidUserShowsError -->
        <test-method is-config="true" signature="tearDown(org.testng.ITestResult)[pri:0, instance:com.saucedemo.tests.LoginPageTest@459e9125]" started-at="2025-09-09T11:52:58 IST" name="tearDown" finished-at="2025-09-09T11:52:58 IST" duration-ms="319" status="PASS">
          <params>
            <param index="0">
              <value>
                <![CDATA[[TestResult name=invalidUserShowsError status=SUCCESS method=LoginPageTest.invalidUserShowsError()[pri:0, instance:com.saucedemo.tests.LoginPageTest@459e9125] output={null}]]]>
              </value>
            </param>
          </params>
          <reporter-output>
          </reporter-output>
        </test-method> <!-- tearDown -->
        <test-method is-config="true" signature="setUp(java.lang.String,java.lang.reflect.Method)[pri:0, instance:com.saucedemo.tests.LoginPageTest@459e9125]" started-at="2025-09-09T11:52:58 IST" name="setUp" finished-at="2025-09-09T11:53:02 IST" duration-ms="4182" status="PASS">
          <params>
            <param index="0">
              <value>
                <![CDATA[chrome]]>
              </value>
            </param>
            <param index="1">
              <value>
                <![CDATA[public void com.saucedemo.tests.LoginPageTest.lockedOutUserShowsError()]]>
              </value>
            </param>
          </params>
          <reporter-output>
          </reporter-output>
        </test-method> <!-- setUp -->
        <test-method signature="lockedOutUserShowsError()[pri:0, instance:com.saucedemo.tests.LoginPageTest@459e9125]" started-at="2025-09-09T11:53:02 IST" name="lockedOutUserShowsError" finished-at="2025-09-09T11:53:03 IST" duration-ms="573" status="PASS">
          <reporter-output>
          </reporter-output>
        </test-method> <!-- lockedOutUserShowsError -->
        <test-method is-config="true" signature="tearDown(org.testng.ITestResult)[pri:0, instance:com.saucedemo.tests.LoginPageTest@459e9125]" started-at="2025-09-09T11:53:03 IST" name="tearDown" finished-at="2025-09-09T11:53:03 IST" duration-ms="314" status="PASS">
          <params>
            <param index="0">
              <value>
                <![CDATA[[TestResult name=lockedOutUserShowsError status=SUCCESS method=LoginPageTest.lockedOutUserShowsError()[pri:0, instance:com.saucedemo.tests.LoginPageTest@459e9125] output={null}]]]>
              </value>
            </param>
          </params>
          <reporter-output>
          </reporter-output>
        </test-method> <!-- tearDown -->
        <test-method is-config="true" signature="setUp(java.lang.String,java.lang.reflect.Method)[pri:0, instance:com.saucedemo.tests.LoginPageTest@459e9125]" started-at="2025-09-09T11:53:03 IST" name="setUp" finished-at="2025-09-09T11:53:07 IST" duration-ms="3987" status="PASS">
          <params>
            <param index="0">
              <value>
                <![CDATA[chrome]]>
              </value>
            </param>
            <param index="1">
              <value>
                <![CDATA[public void com.saucedemo.tests.LoginPageTest.testPasswordRequiredError()]]>
              </value>
            </param>
          </params>
          <reporter-output>
          </reporter-output>
        </test-method> <!-- setUp -->
        <test-method signature="testPasswordRequiredError()[pri:0, instance:com.saucedemo.tests.LoginPageTest@459e9125]" started-at="2025-09-09T11:53:07 IST" name="testPasswordRequiredError" finished-at="2025-09-09T11:53:08 IST" duration-ms="624" status="PASS">
          <reporter-output>
          </reporter-output>
        </test-method> <!-- testPasswordRequiredError -->
        <test-method is-config="true" signature="tearDown(org.testng.ITestResult)[pri:0, instance:com.saucedemo.tests.LoginPageTest@459e9125]" started-at="2025-09-09T11:53:08 IST" name="tearDown" finished-at="2025-09-09T11:53:08 IST" duration-ms="463" status="PASS">
          <params>
            <param index="0">
              <value>
                <![CDATA[[TestResult name=testPasswordRequiredError status=SUCCESS method=LoginPageTest.testPasswordRequiredError()[pri:0, instance:com.saucedemo.tests.LoginPageTest@459e9125] output={null}]]]>
              </value>
            </param>
          </params>
          <reporter-output>
          </reporter-output>
        </test-method> <!-- tearDown -->
        <test-method is-config="true" signature="setUp(java.lang.String,java.lang.reflect.Method)[pri:0, instance:com.saucedemo.tests.LoginPageTest@459e9125]" started-at="2025-09-09T11:53:08 IST" name="setUp" finished-at="2025-09-09T11:53:12 IST" duration-ms="3265" status="PASS">
          <params>
            <param index="0">
              <value>
                <![CDATA[chrome]]>
              </value>
            </param>
            <param index="1">
              <value>
                <![CDATA[public void com.saucedemo.tests.LoginPageTest.testUsernameRequiredError()]]>
              </value>
            </param>
          </params>
          <reporter-output>
          </reporter-output>
        </test-method> <!-- setUp -->
        <test-method signature="testUsernameRequiredError()[pri:0, instance:com.saucedemo.tests.LoginPageTest@459e9125]" started-at="2025-09-09T11:53:12 IST" name="testUsernameRequiredError" finished-at="2025-09-09T11:53:12 IST" duration-ms="521" status="PASS">
          <reporter-output>
          </reporter-output>
        </test-method> <!-- testUsernameRequiredError -->
        <test-method is-config="true" signature="tearDown(org.testng.ITestResult)[pri:0, instance:com.saucedemo.tests.LoginPageTest@459e9125]" started-at="2025-09-09T11:53:12 IST" name="tearDown" finished-at="2025-09-09T11:53:12 IST" duration-ms="340" status="PASS">
          <params>
            <param index="0">
              <value>
                <![CDATA[[TestResult name=testUsernameRequiredError status=SUCCESS method=LoginPageTest.testUsernameRequiredError()[pri:0, instance:com.saucedemo.tests.LoginPageTest@459e9125] output={null}]]]>
              </value>
            </param>
          </params>
          <reporter-output>
          </reporter-output>
        </test-method> <!-- tearDown -->
        <test-method is-config="true" signature="setUp(java.lang.String,java.lang.reflect.Method)[pri:0, instance:com.saucedemo.tests.LoginPageTest@459e9125]" started-at="2025-09-09T11:53:12 IST" name="setUp" finished-at="2025-09-09T11:53:16 IST" duration-ms="3370" status="PASS">
          <params>
            <param index="0">
              <value>
                <![CDATA[chrome]]>
              </value>
            </param>
            <param index="1">
              <value>
                <![CDATA[public void com.saucedemo.tests.LoginPageTest.validLogin()]]>
              </value>
            </param>
          </params>
          <reporter-output>
          </reporter-output>
        </test-method> <!-- setUp -->
        <test-method signature="validLogin()[pri:0, instance:com.saucedemo.tests.LoginPageTest@459e9125]" started-at="2025-09-09T11:53:16 IST" name="validLogin" finished-at="2025-09-09T11:53:16 IST" duration-ms="661" status="PASS">
          <reporter-output>
          </reporter-output>
        </test-method> <!-- validLogin -->
        <test-method is-config="true" signature="tearDown(org.testng.ITestResult)[pri:0, instance:com.saucedemo.tests.LoginPageTest@459e9125]" started-at="2025-09-09T11:53:16 IST" name="tearDown" finished-at="2025-09-09T11:53:17 IST" duration-ms="299" status="PASS">
          <params>
            <param index="0">
              <value>
                <![CDATA[[TestResult name=validLogin status=SUCCESS method=LoginPageTest.validLogin()[pri:0, instance:com.saucedemo.tests.LoginPageTest@459e9125] output={null}]]]>
              </value>
            </param>
          </params>
          <reporter-output>
          </reporter-output>
        </test-method> <!-- tearDown -->
      </class> <!-- com.saucedemo.tests.LoginPageTest -->
    </test> <!-- UI Tests -->
  </suite> <!-- SauceDemo Test Suite -->
</testng-results>
