<?xml version="1.0" encoding="UTF-8"?>
<testsuite xmlns:xsi="http://www.w3.org/2001/XMLSchema-instance" xsi:noNamespaceSchemaLocation="https://maven.apache.org/surefire/maven-surefire-plugin/xsd/surefire-test-report-3.0.xsd" version="3.0" name="TestSuite" time="132.765" tests="24" errors="0" skipped="0" failures="0">
  <properties>
[...]
</properties>
  <testcase name="allValidUsersShouldLoginSuccessfully" classname="com.saucedemo.tests.LoginPageTest" time="11.11">
    <system-out><![CDATA[Testing login for: Problem User
Testing login for: Performance Glitch User
Testing login for: Error User
Testing login for: Visual User
]]></system-out>
    <system-err><![CDATA[SLF4J(W): No SLF4J providers were found.
SLF4J(W): Defaulting to no-operation (NOP) logger implementation
SLF4J(W): See https://www.slf4j.org/codes.html#noProviders for further details.
Sep 09, 2025 1:41:50 PM org.openqa.selenium.devtools.CdpVersionFinder findNearestMatch
WARNING: Unable to find CDP implementation matching 139
Sep 09, 2025 1:41:50 PM org.openqa.selenium.chromium.ChromiumDriver lambda$new$5
WARNING: Unable to find version of CDP to use for 139.0.7258.155. You may need to include a dependency on a specific version of the CDP using something similar to `org.seleniumhq.selenium:selenium-devtools-v86:4.22.0` where the version ("v86") matches the version of the chromium-based browser you're using and the version number of the artifact is the same as Selenium's.
]]></system-err>
  </testcase>
  <testcase name="invalidUserShowsError" classname="com.saucedemo.tests.LoginPageTest" time="0.589">
    <system-out><![CDATA[Screenshot saved at: C:\ProgramData\Jenkins\.jenkins\workspace\saucedemo\reports\screenshot\allValidUsersShouldLoginSuccessfully_20250909_134202.png
]]></system-out>
    <system-err><![CDATA[Sep 09, 2025 1:42:06 PM org.openqa.selenium.devtools.CdpVersionFinder findNearestMatch
WARNING: Unable to find CDP implementation matching 139
Sep 09, 2025 1:42:06 PM org.openqa.selenium.chromium.ChromiumDriver lambda$new$5
WARNING: Unable to find version of CDP to use for 139.0.7258.155. You may need to include a dependency on a specific version of the CDP using something similar to `org.seleniumhq.selenium:selenium-devtools-v86:4.22.0` where the version ("v86") matches the version of the chromium-based browser you're using and the version number of the artifact is the same as Selenium's.
]]></system-err>
  </testcase>
  <testcase name="lockedOutUserShowsError" classname="com.saucedemo.tests.LoginPageTest" time="0.596">
    <system-out><![CDATA[Screenshot saved at: C:\ProgramData\Jenkins\.jenkins\workspace\saucedemo\reports\screenshot\invalidUserShowsError_20250909_134208.png
]]></system-out>
    <system-err><![CDATA[Sep 09, 2025 1:42:11 PM org.openqa.selenium.devtools.CdpVersionFinder findNearestMatch
WARNING: Unable to find CDP implementation matching 139
Sep 09, 2025 1:42:11 PM org.openqa.selenium.chromium.ChromiumDriver lambda$new$5
WARNING: Unable to find version of CDP to use for 139.0.7258.155. You may need to include a dependency on a specific version of the CDP using something similar to `org.seleniumhq.selenium:selenium-devtools-v86:4.22.0` where the version ("v86") matches the version of the chromium-based browser you're using and the version number of the artifact is the same as Selenium's.
]]></system-err>
  </testcase>
  <testcase name="testPasswordRequiredError" classname="com.saucedemo.tests.LoginPageTest" time="0.569">
    <system-out><![CDATA[Screenshot saved at: C:\ProgramData\Jenkins\.jenkins\workspace\saucedemo\reports\screenshot\lockedOutUserShowsError_20250909_134212.png
]]></system-out>
    <system-err><![CDATA[Sep 09, 2025 1:42:15 PM org.openqa.selenium.devtools.CdpVersionFinder findNearestMatch
WARNING: Unable to find CDP implementation matching 139
Sep 09, 2025 1:42:15 PM org.openqa.selenium.chromium.ChromiumDriver lambda$new$5
WARNING: Unable to find version of CDP to use for 139.0.7258.155. You may need to include a dependency on a specific version of the CDP using something similar to `org.seleniumhq.selenium:selenium-devtools-v86:4.22.0` where the version ("v86") matches the version of the chromium-based browser you're using and the version number of the artifact is the same as Selenium's.
]]></system-err>
  </testcase>
  <testcase name="testUsernameRequiredError" classname="com.saucedemo.tests.LoginPageTest" time="0.626">
    <system-out><![CDATA[Screenshot saved at: C:\ProgramData\Jenkins\.jenkins\workspace\saucedemo\reports\screenshot\testPasswordRequiredError_20250909_134217.png
]]></system-out>
    <system-err><![CDATA[Sep 09, 2025 1:42:19 PM org.openqa.selenium.devtools.CdpVersionFinder findNearestMatch
WARNING: Unable to find CDP implementation matching 139
Sep 09, 2025 1:42:19 PM org.openqa.selenium.chromium.ChromiumDriver lambda$new$5
WARNING: Unable to find version of CDP to use for 139.0.7258.155. You may need to include a dependency on a specific version of the CDP using something similar to `org.seleniumhq.selenium:selenium-devtools-v86:4.22.0` where the version ("v86") matches the version of the chromium-based browser you're using and the version number of the artifact is the same as Selenium's.
]]></system-err>
  </testcase>
  <testcase name="validLogin" classname="com.saucedemo.tests.LoginPageTest" time="0.755">
    <system-out><![CDATA[Screenshot saved at: C:\ProgramData\Jenkins\.jenkins\workspace\saucedemo\reports\screenshot\testUsernameRequiredError_20250909_134221.png
]]></system-out>
    <system-err><![CDATA[Sep 09, 2025 1:42:24 PM org.openqa.selenium.devtools.CdpVersionFinder findNearestMatch
WARNING: Unable to find CDP implementation matching 139
Sep 09, 2025 1:42:24 PM org.openqa.selenium.chromium.ChromiumDriver lambda$new$5
WARNING: Unable to find version of CDP to use for 139.0.7258.155. You may need to include a dependency on a specific version of the CDP using something similar to `org.seleniumhq.selenium:selenium-devtools-v86:4.22.0` where the version ("v86") matches the version of the chromium-based browser you're using and the version number of the artifact is the same as Selenium's.
]]></system-err>
  </testcase>
  <testcase name="addItemUpdatesCartBadge" classname="com.saucedemo.tests.TestAddToCartPage" time="0.149">
    <system-out><![CDATA[Screenshot saved at: C:\ProgramData\Jenkins\.jenkins\workspace\saucedemo\reports\screenshot\validLogin_20250909_134226.png
]]></system-out>
    <system-err><![CDATA[Sep 09, 2025 1:42:28 PM org.openqa.selenium.devtools.CdpVersionFinder findNearestMatch
WARNING: Unable to find CDP implementation matching 139
Sep 09, 2025 1:42:28 PM org.openqa.selenium.chromium.ChromiumDriver lambda$new$5
WARNING: Unable to find version of CDP to use for 139.0.7258.155. You may need to include a dependency on a specific version of the CDP using something similar to `org.seleniumhq.selenium:selenium-devtools-v86:4.22.0` where the version ("v86") matches the version of the chromium-based browser you're using and the version number of the artifact is the same as Selenium's.
]]></system-err>
  </testcase>
  <testcase name="addToCartButtonChangesToRemove" classname="com.saucedemo.tests.TestAddToCartPage" time="0.149">
    <system-out><![CDATA[Screenshot saved at: C:\ProgramData\Jenkins\.jenkins\workspace\saucedemo\reports\screenshot\addItemUpdatesCartBadge_20250909_134230.png
]]></system-out>
    <system-err><![CDATA[Sep 09, 2025 1:42:33 PM org.openqa.selenium.devtools.CdpVersionFinder findNearestMatch
WARNING: Unable to find CDP implementation matching 139
Sep 09, 2025 1:42:33 PM org.openqa.selenium.chromium.ChromiumDriver lambda$new$5
WARNING: Unable to find version of CDP to use for 139.0.7258.155. You may need to include a dependency on a specific version of the CDP using something similar to `org.seleniumhq.selenium:selenium-devtools-v86:4.22.0` where the version ("v86") matches the version of the chromium-based browser you're using and the version number of the artifact is the same as Selenium's.
]]></system-err>
  </testcase>
  <testcase name="cartBadgeAccumulatesItems" classname="com.saucedemo.tests.TestAddToCartPage" time="0.299">
    <system-out><![CDATA[Screenshot saved at: C:\ProgramData\Jenkins\.jenkins\workspace\saucedemo\reports\screenshot\addToCartButtonChangesToRemove_20250909_134235.png
]]></system-out>
    <system-err><![CDATA[Sep 09, 2025 1:42:37 PM org.openqa.selenium.devtools.CdpVersionFinder findNearestMatch
WARNING: Unable to find CDP implementation matching 139
Sep 09, 2025 1:42:37 PM org.openqa.selenium.chromium.ChromiumDriver lambda$new$5
WARNING: Unable to find version of CDP to use for 139.0.7258.155. You may need to include a dependency on a specific version of the CDP using something similar to `org.seleniumhq.selenium:selenium-devtools-v86:4.22.0` where the version ("v86") matches the version of the chromium-based browser you're using and the version number of the artifact is the same as Selenium's.
]]></system-err>
  </testcase>
  <testcase name="cartLinkNavigatesToCartPage" classname="com.saucedemo.tests.TestAddToCartPage" time="0.175">
    <system-out><![CDATA[Screenshot saved at: C:\ProgramData\Jenkins\.jenkins\workspace\saucedemo\reports\screenshot\cartBadgeAccumulatesItems_20250909_134240.png
]]></system-out>
    <system-err><![CDATA[Sep 09, 2025 1:42:43 PM org.openqa.selenium.devtools.CdpVersionFinder findNearestMatch
WARNING: Unable to find CDP implementation matching 139
Sep 09, 2025 1:42:43 PM org.openqa.selenium.chromium.ChromiumDriver lambda$new$5
WARNING: Unable to find version of CDP to use for 139.0.7258.155. You may need to include a dependency on a specific version of the CDP using something similar to `org.seleniumhq.selenium:selenium-devtools-v86:4.22.0` where the version ("v86") matches the version of the chromium-based browser you're using and the version number of the artifact is the same as Selenium's.
]]></system-err>
  </testcase>
  <testcase name="removeFromCartButtonChangesToAddToCart" classname="com.saucedemo.tests.TestAddToCartPage" time="0.18">
    <system-out><![CDATA[Screenshot saved at: C:\ProgramData\Jenkins\.jenkins\workspace\saucedemo\reports\screenshot\cartLinkNavigatesToCartPage_20250909_134245.png
]]></system-out>
    <system-err><![CDATA[Sep 09, 2025 1:42:47 PM org.openqa.selenium.devtools.CdpVersionFinder findNearestMatch
WARNING: Unable to find CDP implementation matching 139
Sep 09, 2025 1:42:47 PM org.openqa.selenium.chromium.ChromiumDriver lambda$new$5
WARNING: Unable to find version of CDP to use for 139.0.7258.155. You may need to include a dependency on a specific version of the CDP using something similar to `org.seleniumhq.selenium:selenium-devtools-v86:4.22.0` where the version ("v86") matches the version of the chromium-based browser you're using and the version number of the artifact is the same as Selenium's.
]]></system-err>
  </testcase>
  <testcase name="removeItemUpdatesCartBadgeToZero" classname="com.saucedemo.tests.TestAddToCartPage" time="0.234">
    <system-out><![CDATA[Screenshot saved at: C:\ProgramData\Jenkins\.jenkins\workspace\saucedemo\reports\screenshot\removeFromCartButtonChangesToAddToCart_20250909_134249.png
]]></system-out>
    <system-err><![CDATA[Sep 09, 2025 1:42:52 PM org.openqa.selenium.devtools.CdpVersionFinder findNearestMatch
WARNING: Unable to find CDP implementation matching 139
Sep 09, 2025 1:42:52 PM org.openqa.selenium.chromium.ChromiumDriver lambda$new$5
WARNING: Unable to find version of CDP to use for 139.0.7258.155. You may need to include a dependency on a specific version of the CDP using something similar to `org.seleniumhq.selenium:selenium-devtools-v86:4.22.0` where the version ("v86") matches the version of the chromium-based browser you're using and the version number of the artifact is the same as Selenium's.
]]></system-err>
  </testcase>
  <testcase name="badgeIncrementsWhenAddingItems" classname="com.saucedemo.tests.TestCartBadgeCountValidationPage" time="0.228">
    <system-out><![CDATA[Screenshot saved at: C:\ProgramData\Jenkins\.jenkins\workspace\saucedemo\reports\screenshot\removeItemUpdatesCartBadgeToZero_20250909_134254.png
]]></system-out>
    <system-err><![CDATA[Sep 09, 2025 1:42:56 PM org.openqa.selenium.devtools.CdpVersionFinder findNearestMatch
WARNING: Unable to find CDP implementation matching 139
Sep 09, 2025 1:42:56 PM org.openqa.selenium.chromium.ChromiumDriver lambda$new$5
WARNING: Unable to find version of CDP to use for 139.0.7258.155. You may need to include a dependency on a specific version of the CDP using something similar to `org.seleniumhq.selenium:selenium-devtools-v86:4.22.0` where the version ("v86") matches the version of the chromium-based browser you're using and the version number of the artifact is the same as Selenium's.
]]></system-err>
  </testcase>
  <testcase name="badgeShowsTwoWhenAddingTwoItems" classname="com.saucedemo.tests.TestCartBadgeCountValidationPage" time="0.282">
    <system-out><![CDATA[Screenshot saved at: C:\ProgramData\Jenkins\.jenkins\workspace\saucedemo\reports\screenshot\badgeIncrementsWhenAddingItems_20250909_134259.png
]]></system-out>
    <system-err><![CDATA[Sep 09, 2025 1:43:01 PM org.openqa.selenium.devtools.CdpVersionFinder findNearestMatch
WARNING: Unable to find CDP implementation matching 139
Sep 09, 2025 1:43:01 PM org.openqa.selenium.chromium.ChromiumDriver lambda$new$5
WARNING: Unable to find version of CDP to use for 139.0.7258.155. You may need to include a dependency on a specific version of the CDP using something similar to `org.seleniumhq.selenium:selenium-devtools-v86:4.22.0` where the version ("v86") matches the version of the chromium-based browser you're using and the version number of the artifact is the same as Selenium's.
]]></system-err>
  </testcase>
  <testcase name="badgeUpdatesAfterRemovingItem" classname="com.saucedemo.tests.TestCartBadgeCountValidationPage" time="0.347">
    <system-out><![CDATA[Screenshot saved at: C:\ProgramData\Jenkins\.jenkins\workspace\saucedemo\reports\screenshot\badgeShowsTwoWhenAddingTwoItems_20250909_134304.png
]]></system-out>
    <system-err><![CDATA[Sep 09, 2025 1:43:06 PM org.openqa.selenium.devtools.CdpVersionFinder findNearestMatch
WARNING: Unable to find CDP implementation matching 139
Sep 09, 2025 1:43:06 PM org.openqa.selenium.chromium.ChromiumDriver lambda$new$5
WARNING: Unable to find version of CDP to use for 139.0.7258.155. You may need to include a dependency on a specific version of the CDP using something similar to `org.seleniumhq.selenium:selenium-devtools-v86:4.22.0` where the version ("v86") matches the version of the chromium-based browser you're using and the version number of the artifact is the same as Selenium's.
]]></system-err>
  </testcase>
  <testcase name="cancelCheckoutShouldReturnToCart" classname="com.saucedemo.tests.TestCheckoutPage" time="0.995">
    <system-out><![CDATA[Screenshot saved at: C:\ProgramData\Jenkins\.jenkins\workspace\saucedemo\reports\screenshot\badgeUpdatesAfterRemovingItem_20250909_134309.png
]]></system-out>
    <system-err><![CDATA[Sep 09, 2025 1:43:11 PM org.openqa.selenium.devtools.CdpVersionFinder findNearestMatch
WARNING: Unable to find CDP implementation matching 139
Sep 09, 2025 1:43:11 PM org.openqa.selenium.chromium.ChromiumDriver lambda$new$5
WARNING: Unable to find version of CDP to use for 139.0.7258.155. You may need to include a dependency on a specific version of the CDP using something similar to `org.seleniumhq.selenium:selenium-devtools-v86:4.22.0` where the version ("v86") matches the version of the chromium-based browser you're using and the version number of the artifact is the same as Selenium's.
]]></system-err>
  </testcase>
  <testcase name="cannotCheckoutWithEmptyCart" classname="com.saucedemo.tests.TestCheckoutPage" time="1.299">
    <system-out><![CDATA[Screenshot saved at: C:\ProgramData\Jenkins\.jenkins\workspace\saucedemo\reports\screenshot\cancelCheckoutShouldReturnToCart_20250909_134314.png
]]></system-out>
    <system-err><![CDATA[Sep 09, 2025 1:43:16 PM org.openqa.selenium.devtools.CdpVersionFinder findNearestMatch
WARNING: Unable to find CDP implementation matching 139
Sep 09, 2025 1:43:16 PM org.openqa.selenium.chromium.ChromiumDriver lambda$new$5
WARNING: Unable to find version of CDP to use for 139.0.7258.155. You may need to include a dependency on a specific version of the CDP using something similar to `org.seleniumhq.selenium:selenium-devtools-v86:4.22.0` where the version ("v86") matches the version of the chromium-based browser you're using and the version number of the artifact is the same as Selenium's.
]]></system-err>
  </testcase>
  <testcase name="checkoutShowsCorrectConfirmationMessage" classname="com.saucedemo.tests.TestCheckoutPage" time="1.548">
    <system-out><![CDATA[Screenshot saved at: C:\ProgramData\Jenkins\.jenkins\workspace\saucedemo\reports\screenshot\cannotCheckoutWithEmptyCart_20250909_134319.png
]]></system-out>
    <system-err><![CDATA[Sep 09, 2025 1:43:22 PM org.openqa.selenium.devtools.CdpVersionFinder findNearestMatch
WARNING: Unable to find CDP implementation matching 139
Sep 09, 2025 1:43:22 PM org.openqa.selenium.chromium.ChromiumDriver lambda$new$5
WARNING: Unable to find version of CDP to use for 139.0.7258.155. You may need to include a dependency on a specific version of the CDP using something similar to `org.seleniumhq.selenium:selenium-devtools-v86:4.22.0` where the version ("v86") matches the version of the chromium-based browser you're using and the version number of the artifact is the same as Selenium's.
]]></system-err>
  </testcase>
  <testcase name="completeCheckoutFlow" classname="com.saucedemo.tests.TestCheckoutPage" time="1.625">
    <system-out><![CDATA[Screenshot saved at: C:\ProgramData\Jenkins\.jenkins\workspace\saucedemo\reports\screenshot\checkoutShowsCorrectConfirmationMessage_20250909_134325.png
]]></system-out>
    <system-err><![CDATA[Sep 09, 2025 1:43:27 PM org.openqa.selenium.devtools.CdpVersionFinder findNearestMatch
WARNING: Unable to find CDP implementation matching 139
Sep 09, 2025 1:43:27 PM org.openqa.selenium.chromium.ChromiumDriver lambda$new$5
WARNING: Unable to find version of CDP to use for 139.0.7258.155. You may need to include a dependency on a specific version of the CDP using something similar to `org.seleniumhq.selenium:selenium-devtools-v86:4.22.0` where the version ("v86") matches the version of the chromium-based browser you're using and the version number of the artifact is the same as Selenium's.
]]></system-err>
  </testcase>
  <testcase name="sortByNameAtoZ" classname="com.saucedemo.tests.TestSortingProductPage" time="0.864">
    <system-out><![CDATA[Screenshot saved at: C:\ProgramData\Jenkins\.jenkins\workspace\saucedemo\reports\screenshot\completeCheckoutFlow_20250909_134330.png
]]></system-out>
    <system-err><![CDATA[Sep 09, 2025 1:43:34 PM org.openqa.selenium.devtools.CdpVersionFinder findNearestMatch
WARNING: Unable to find CDP implementation matching 139
Sep 09, 2025 1:43:34 PM org.openqa.selenium.chromium.ChromiumDriver lambda$new$5
WARNING: Unable to find version of CDP to use for 139.0.7258.155. You may need to include a dependency on a specific version of the CDP using something similar to `org.seleniumhq.selenium:selenium-devtools-v86:4.22.0` where the version ("v86") matches the version of the chromium-based browser you're using and the version number of the artifact is the same as Selenium's.
]]></system-err>
  </testcase>
  <testcase name="sortByNameZtoA" classname="com.saucedemo.tests.TestSortingProductPage" time="0.818">
    <system-out><![CDATA[Screenshot saved at: C:\ProgramData\Jenkins\.jenkins\workspace\saucedemo\reports\screenshot\sortByNameAtoZ_20250909_134336.png
]]></system-out>
    <system-err><![CDATA[Sep 09, 2025 1:43:38 PM org.openqa.selenium.devtools.CdpVersionFinder findNearestMatch
WARNING: Unable to find CDP implementation matching 139
Sep 09, 2025 1:43:38 PM org.openqa.selenium.chromium.ChromiumDriver lambda$new$5
WARNING: Unable to find version of CDP to use for 139.0.7258.155. You may need to include a dependency on a specific version of the CDP using something similar to `org.seleniumhq.selenium:selenium-devtools-v86:4.22.0` where the version ("v86") matches the version of the chromium-based browser you're using and the version number of the artifact is the same as Selenium's.
]]></system-err>
  </testcase>
  <testcase name="sortByPriceHighToLow" classname="com.saucedemo.tests.TestSortingProductPage" time="0.919">
    <system-out><![CDATA[Screenshot saved at: C:\ProgramData\Jenkins\.jenkins\workspace\saucedemo\reports\screenshot\sortByNameZtoA_20250909_134340.png
]]></system-out>
    <system-err><![CDATA[Sep 09, 2025 1:43:43 PM org.openqa.selenium.devtools.CdpVersionFinder findNearestMatch
WARNING: Unable to find CDP implementation matching 139
Sep 09, 2025 1:43:43 PM org.openqa.selenium.chromium.ChromiumDriver lambda$new$5
WARNING: Unable to find version of CDP to use for 139.0.7258.155. You may need to include a dependency on a specific version of the CDP using something similar to `org.seleniumhq.selenium:selenium-devtools-v86:4.22.0` where the version ("v86") matches the version of the chromium-based browser you're using and the version number of the artifact is the same as Selenium's.
]]></system-err>
  </testcase>
  <testcase name="sortByPriceLowToHigh" classname="com.saucedemo.tests.TestSortingProductPage" time="1.059">
    <system-out><![CDATA[Screenshot saved at: C:\ProgramData\Jenkins\.jenkins\workspace\saucedemo\reports\screenshot\sortByPriceHighToLow_20250909_134345.png
]]></system-out>
    <system-err><![CDATA[Sep 09, 2025 1:43:47 PM org.openqa.selenium.devtools.CdpVersionFinder findNearestMatch
WARNING: Unable to find CDP implementation matching 139
Sep 09, 2025 1:43:47 PM org.openqa.selenium.chromium.ChromiumDriver lambda$new$5
WARNING: Unable to find version of CDP to use for 139.0.7258.155. You may need to include a dependency on a specific version of the CDP using something similar to `org.seleniumhq.selenium:selenium-devtools-v86:4.22.0` where the version ("v86") matches the version of the chromium-based browser you're using and the version number of the artifact is the same as Selenium's.
]]></system-err>
  </testcase>
  <testcase name="logoutWorks" classname="com.saucedemo.tests.TestLogoutPage" time="1.818">
    <system-out><![CDATA[Screenshot saved at: C:\ProgramData\Jenkins\.jenkins\workspace\saucedemo\reports\screenshot\sortByPriceLowToHigh_20250909_134350.png
Current URL after logout: https://www.saucedemo.com/
]]></system-out>
    <system-err><![CDATA[Sep 09, 2025 1:43:52 PM org.openqa.selenium.devtools.CdpVersionFinder findNearestMatch
WARNING: Unable to find CDP implementation matching 139
Sep 09, 2025 1:43:52 PM org.openqa.selenium.chromium.ChromiumDriver lambda$new$5
WARNING: Unable to find version of CDP to use for 139.0.7258.155. You may need to include a dependency on a specific version of the CDP using something similar to `org.seleniumhq.selenium:selenium-devtools-v86:4.22.0` where the version ("v86") matches the version of the chromium-based browser you're using and the version number of the artifact is the same as Selenium's.
]]></system-err>
  </testcase>
</testsuite>