<?xml version="1.0" encoding="UTF-8"?>
<testng-results ignored="0" total="24" passed="24" failed="0" skipped="0">
  <reporter-output>
  </reporter-output>
  <suite started-at="2025-09-09T13:41:46 IST" name="SauceDemo Test Suite" finished-at="2025-09-09T13:43:56 IST" duration-ms="129564">
    <groups>
    </groups>
    <test started-at="2025-09-09T13:41:46 IST" name="UI Tests" finished-at="2025-09-09T13:43:56 IST" duration-ms="129564">
      <class name="com.saucedemo.tests.TestSortingProductPage">
        <test-method is-config="true" signature="setUp(java.lang.String,java.lang.reflect.Method)[pri:0, instance:com.saucedemo.tests.TestSortingProductPage@4afcd809]" started-at="2025-09-09T13:43:31 IST" name="setUp" finished-at="2025-09-09T13:43:35 IST" duration-ms="4019" status="PASS">
          <params>
            <param index="0">
              <value>
                <![CDATA[chrome]]>
              </value>
            </param>
            <param index="1">
              <value>
                <![CDATA[public void com.saucedemo.tests.TestSortingProductPage.sortByNameAtoZ()]]>
              </value>
            </param>
          </params>
          <reporter-output>
          </reporter-output>
        </test-method> <!-- setUp -->
        <test-method signature="sortByNameAtoZ()[pri:0, instance:com.saucedemo.tests.TestSortingProductPage@4afcd809]" started-at="2025-09-09T13:43:35 IST" name="sortByNameAtoZ" finished-at="2025-09-09T13:43:36 IST" duration-ms="863" status="PASS">
          <reporter-output>
          </reporter-output>
        </test-method> <!-- sortByNameAtoZ -->
        <test-method is-config="true" signature="tearDown(org.testng.ITestResult)[pri:0, instance:com.saucedemo.tests.TestSortingProductPage@4afcd809]" started-at="2025-09-09T13:43:36 IST" name="tearDown" finished-at="2025-09-09T13:43:36 IST" duration-ms="365" status="PASS">
          <params>
            <param index="0">
              <value>
                <![CDATA[[TestResult name=sortByNameAtoZ status=SUCCESS method=TestSortingProductPage.sortByNameAtoZ()[pri:0, instance:com.saucedemo.tests.TestSortingProductPage@4afcd809] output={null}]]]>
              </value>
            </param>
          </params>
          <reporter-output>
          </reporter-output>
        </test-method> <!-- tearDown -->
        <test-method is-config="true" signature="setUp(java.lang.String,java.lang.reflect.Method)[pri:0, instance:com.saucedemo.tests.TestSortingProductPage@4afcd809]" started-at="2025-09-09T13:43:36 IST" name="setUp" finished-at="2025-09-09T13:43:39 IST" duration-ms="3361" status="PASS">
          <params>
            <param index="0">
              <value>
                <![CDATA[chrome]]>
              </value>
            </param>
            <param index="1">
              <value>
                <![CDATA[public void com.saucedemo.tests.TestSortingProductPage.sortByNameZtoA()]]>
              </value>
            </param>
          </params>
          <reporter-output>
          </reporter-output>
        </test-method> <!-- setUp -->
        <test-method signature="sortByNameZtoA()[pri:0, instance:com.saucedemo.tests.TestSortingProductPage@4afcd809]" started-at="2025-09-09T13:43:39 IST" name="sortByNameZtoA" finished-at="2025-09-09T13:43:40 IST" duration-ms="816" status="PASS">
          <reporter-output>
          </reporter-output>
        </test-method> <!-- sortByNameZtoA -->
        <test-method is-config="true" signature="tearDown(org.testng.ITestResult)[pri:0, instance:com.saucedemo.tests.TestSortingProductPage@4afcd809]" started-at="2025-09-09T13:43:40 IST" name="tearDown" finished-at="2025-09-09T13:43:40 IST" duration-ms="279" status="PASS">
          <params>
            <param index="0">
              <value>
                <![CDATA[[TestResult name=sortByNameZtoA status=SUCCESS method=TestSortingProductPage.sortByNameZtoA()[pri:0, instance:com.saucedemo.tests.TestSortingProductPage@4afcd809] output={null}]]]>
              </value>
            </param>
          </params>
          <reporter-output>
          </reporter-output>
        </test-method> <!-- tearDown -->
        <test-method is-config="true" signature="setUp(java.lang.String,java.lang.reflect.Method)[pri:0, instance:com.saucedemo.tests.TestSortingProductPage@4afcd809]" started-at="2025-09-09T13:43:40 IST" name="setUp" finished-at="2025-09-09T13:43:44 IST" duration-ms="3282" status="PASS">
          <params>
            <param index="0">
              <value>
                <![CDATA[chrome]]>
              </value>
            </param>
            <param index="1">
              <value>
                <![CDATA[public void com.saucedemo.tests.TestSortingProductPage.sortByPriceHighToLow()]]>
              </value>
            </param>
          </params>
          <reporter-output>
          </reporter-output>
        </test-method> <!-- setUp -->
        <test-method signature="sortByPriceHighToLow()[pri:0, instance:com.saucedemo.tests.TestSortingProductPage@4afcd809]" started-at="2025-09-09T13:43:44 IST" name="sortByPriceHighToLow" finished-at="2025-09-09T13:43:45 IST" duration-ms="918" status="PASS">
          <reporter-output>
          </reporter-output>
        </test-method> <!-- sortByPriceHighToLow -->
        <test-method is-config="true" signature="tearDown(org.testng.ITestResult)[pri:0, instance:com.saucedemo.tests.TestSortingProductPage@4afcd809]" started-at="2025-09-09T13:43:45 IST" name="tearDown" finished-at="2025-09-09T13:43:45 IST" duration-ms="268" status="PASS">
          <params>
            <param index="0">
              <value>
                <![CDATA[[TestResult name=sortByPriceHighToLow status=SUCCESS method=TestSortingProductPage.sortByPriceHighToLow()[pri:0, instance:com.saucedemo.tests.TestSortingProductPage@4afcd809] output={null}]]]>
              </value>
            </param>
          </params>
          <reporter-output>
          </reporter-output>
        </test-method> <!-- tearDown -->
        <test-method is-config="true" signature="setUp(java.lang.String,java.lang.reflect.Method)[pri:0, instance:com.saucedemo.tests.TestSortingProductPage@4afcd809]" started-at="2025-09-09T13:43:45 IST" name="setUp" finished-at="2025-09-09T13:43:49 IST" duration-ms="3884" status="PASS">
          <params>
            <param index="0">
              <value>
                <![CDATA[chrome]]>
              </value>
            </param>
            <param index="1">
              <value>
                <![CDATA[public void com.saucedemo.tests.TestSortingProductPage.sortByPriceLowToHigh()]]>
              </value>
            </param>
          </params>
          <reporter-output>
          </reporter-output>
        </test-method> <!-- setUp -->
        <test-method signature="sortByPriceLowToHigh()[pri:0, instance:com.saucedemo.tests.TestSortingProductPage@4afcd809]" started-at="2025-09-09T13:43:49 IST" name="sortByPriceLowToHigh" finished-at="2025-09-09T13:43:50 IST" duration-ms="1060" status="PASS">
          <reporter-output>
          </reporter-output>
        </test-method> <!-- sortByPriceLowToHigh -->
        <test-method is-config="true" signature="tearDown(org.testng.ITestResult)[pri:0, instance:com.saucedemo.tests.TestSortingProductPage@4afcd809]" started-at="2025-09-09T13:43:50 IST" name="tearDown" finished-at="2025-09-09T13:43:50 IST" duration-ms="326" status="PASS">
          <params>
            <param index="0">
              <value>
                <![CDATA[[TestResult name=sortByPriceLowToHigh status=SUCCESS method=TestSortingProductPage.sortByPriceLowToHigh()[pri:0, instance:com.saucedemo.tests.TestSortingProductPage@4afcd809] output={null}]]]>
              </value>
            </param>
          </params>
          <reporter-output>
          </reporter-output>
        </test-method> <!-- tearDown -->
      </class> <!-- com.saucedemo.tests.TestSortingProductPage -->
      <class name="com.saucedemo.tests.TestAddToCartPage">
        <test-method is-config="true" signature="setUp(java.lang.String,java.lang.reflect.Method)[pri:0, instance:com.saucedemo.tests.TestAddToCartPage@128d2484]" started-at="2025-09-09T13:42:26 IST" name="setUp" finished-at="2025-09-09T13:42:30 IST" duration-ms="3639" status="PASS">
          <params>
            <param index="0">
              <value>
                <![CDATA[chrome]]>
              </value>
            </param>
            <param index="1">
              <value>
                <![CDATA[public void com.saucedemo.tests.TestAddToCartPage.addItemUpdatesCartBadge()]]>
              </value>
            </param>
          </params>
          <reporter-output>
          </reporter-output>
        </test-method> <!-- setUp -->
        <test-method is-config="true" signature="loginBeforeEachTest()[pri:0, instance:com.saucedemo.tests.TestAddToCartPage@128d2484]" started-at="2025-09-09T13:42:30 IST" name="loginBeforeEachTest" finished-at="2025-09-09T13:42:30 IST" duration-ms="535" status="PASS">
          <reporter-output>
          </reporter-output>
        </test-method> <!-- loginBeforeEachTest -->
        <test-method signature="addItemUpdatesCartBadge()[pri:0, instance:com.saucedemo.tests.TestAddToCartPage@128d2484]" started-at="2025-09-09T13:42:30 IST" name="addItemUpdatesCartBadge" finished-at="2025-09-09T13:42:30 IST" duration-ms="150" status="PASS">
          <reporter-output>
          </reporter-output>
        </test-method> <!-- addItemUpdatesCartBadge -->
        <test-method is-config="true" signature="tearDown(org.testng.ITestResult)[pri:0, instance:com.saucedemo.tests.TestAddToCartPage@128d2484]" started-at="2025-09-09T13:42:30 IST" name="tearDown" finished-at="2025-09-09T13:42:31 IST" duration-ms="372" status="PASS">
          <params>
            <param index="0">
              <value>
                <![CDATA[[TestResult name=addItemUpdatesCartBadge status=SUCCESS method=TestAddToCartPage.addItemUpdatesCartBadge()[pri:0, instance:com.saucedemo.tests.TestAddToCartPage@128d2484] output={null}]]]>
              </value>
            </param>
          </params>
          <reporter-output>
          </reporter-output>
        </test-method> <!-- tearDown -->
        <test-method is-config="true" signature="setUp(java.lang.String,java.lang.reflect.Method)[pri:0, instance:com.saucedemo.tests.TestAddToCartPage@128d2484]" started-at="2025-09-09T13:42:31 IST" name="setUp" finished-at="2025-09-09T13:42:34 IST" duration-ms="3380" status="PASS">
          <params>
            <param index="0">
              <value>
                <![CDATA[chrome]]>
              </value>
            </param>
            <param index="1">
              <value>
                <![CDATA[public void com.saucedemo.tests.TestAddToCartPage.addToCartButtonChangesToRemove()]]>
              </value>
            </param>
          </params>
          <reporter-output>
          </reporter-output>
        </test-method> <!-- setUp -->
        <test-method is-config="true" signature="loginBeforeEachTest()[pri:0, instance:com.saucedemo.tests.TestAddToCartPage@128d2484]" started-at="2025-09-09T13:42:34 IST" name="loginBeforeEachTest" finished-at="2025-09-09T13:42:35 IST" duration-ms="747" status="PASS">
          <reporter-output>
          </reporter-output>
        </test-method> <!-- loginBeforeEachTest -->
        <test-method signature="addToCartButtonChangesToRemove()[pri:0, instance:com.saucedemo.tests.TestAddToCartPage@128d2484]" started-at="2025-09-09T13:42:35 IST" name="addToCartButtonChangesToRemove" finished-at="2025-09-09T13:42:35 IST" duration-ms="150" status="PASS">
          <reporter-output>
          </reporter-output>
        </test-method> <!-- addToCartButtonChangesToRemove -->
        <test-method is-config="true" signature="tearDown(org.testng.ITestResult)[pri:0, instance:com.saucedemo.tests.TestAddToCartPage@128d2484]" started-at="2025-09-09T13:42:35 IST" name="tearDown" finished-at="2025-09-09T13:42:35 IST" duration-ms="405" status="PASS">
          <params>
            <param index="0">
              <value>
                <![CDATA[[TestResult name=addToCartButtonChangesToRemove status=SUCCESS method=TestAddToCartPage.addToCartButtonChangesToRemove()[pri:0, instance:com.saucedemo.tests.TestAddToCartPage@128d2484] output={null}]]]>
              </value>
            </param>
          </params>
          <reporter-output>
          </reporter-output>
        </test-method> <!-- tearDown -->
        <test-method is-config="true" signature="setUp(java.lang.String,java.lang.reflect.Method)[pri:0, instance:com.saucedemo.tests.TestAddToCartPage@128d2484]" started-at="2025-09-09T13:42:35 IST" name="setUp" finished-at="2025-09-09T13:42:39 IST" duration-ms="3579" status="PASS">
          <params>
            <param index="0">
              <value>
                <![CDATA[chrome]]>
              </value>
            </param>
            <param index="1">
              <value>
                <![CDATA[public void com.saucedemo.tests.TestAddToCartPage.cartBadgeAccumulatesItems()]]>
              </value>
            </param>
          </params>
          <reporter-output>
          </reporter-output>
        </test-method> <!-- setUp -->
        <test-method is-config="true" signature="loginBeforeEachTest()[pri:0, instance:com.saucedemo.tests.TestAddToCartPage@128d2484]" started-at="2025-09-09T13:42:39 IST" name="loginBeforeEachTest" finished-at="2025-09-09T13:42:39 IST" duration-ms="614" status="PASS">
          <reporter-output>
          </reporter-output>
        </test-method> <!-- loginBeforeEachTest -->
        <test-method signature="cartBadgeAccumulatesItems()[pri:0, instance:com.saucedemo.tests.TestAddToCartPage@128d2484]" started-at="2025-09-09T13:42:39 IST" name="cartBadgeAccumulatesItems" finished-at="2025-09-09T13:42:40 IST" duration-ms="300" status="PASS">
          <reporter-output>
          </reporter-output>
        </test-method> <!-- cartBadgeAccumulatesItems -->
        <test-method is-config="true" signature="tearDown(org.testng.ITestResult)[pri:0, instance:com.saucedemo.tests.TestAddToCartPage@128d2484]" started-at="2025-09-09T13:42:40 IST" name="tearDown" finished-at="2025-09-09T13:42:40 IST" duration-ms="332" status="PASS">
          <params>
            <param index="0">
              <value>
                <![CDATA[[TestResult name=cartBadgeAccumulatesItems status=SUCCESS method=TestAddToCartPage.cartBadgeAccumulatesItems()[pri:0, instance:com.saucedemo.tests.TestAddToCartPage@128d2484] output={null}]]]>
              </value>
            </param>
          </params>
          <reporter-output>
          </reporter-output>
        </test-method> <!-- tearDown -->
        <test-method is-config="true" signature="setUp(java.lang.String,java.lang.reflect.Method)[pri:0, instance:com.saucedemo.tests.TestAddToCartPage@128d2484]" started-at="2025-09-09T13:42:40 IST" name="setUp" finished-at="2025-09-09T13:42:44 IST" duration-ms="3768" status="PASS">
          <params>
            <param index="0">
              <value>
                <![CDATA[chrome]]>
              </value>
            </param>
            <param index="1">
              <value>
                <![CDATA[public void com.saucedemo.tests.TestAddToCartPage.cartLinkNavigatesToCartPage()]]>
              </value>
            </param>
          </params>
          <reporter-output>
          </reporter-output>
        </test-method> <!-- setUp -->
        <test-method is-config="true" signature="loginBeforeEachTest()[pri:0, instance:com.saucedemo.tests.TestAddToCartPage@128d2484]" started-at="2025-09-09T13:42:44 IST" name="loginBeforeEachTest" finished-at="2025-09-09T13:42:44 IST" duration-ms="624" status="PASS">
          <reporter-output>
          </reporter-output>
        </test-method> <!-- loginBeforeEachTest -->
        <test-method signature="cartLinkNavigatesToCartPage()[pri:0, instance:com.saucedemo.tests.TestAddToCartPage@128d2484]" started-at="2025-09-09T13:42:44 IST" name="cartLinkNavigatesToCartPage" finished-at="2025-09-09T13:42:45 IST" duration-ms="175" status="PASS">
          <reporter-output>
          </reporter-output>
        </test-method> <!-- cartLinkNavigatesToCartPage -->
        <test-method is-config="true" signature="tearDown(org.testng.ITestResult)[pri:0, instance:com.saucedemo.tests.TestAddToCartPage@128d2484]" started-at="2025-09-09T13:42:45 IST" name="tearDown" finished-at="2025-09-09T13:42:45 IST" duration-ms="411" status="PASS">
          <params>
            <param index="0">
              <value>
                <![CDATA[[TestResult name=cartLinkNavigatesToCartPage status=SUCCESS method=TestAddToCartPage.cartLinkNavigatesToCartPage()[pri:0, instance:com.saucedemo.tests.TestAddToCartPage@128d2484] output={null}]]]>
              </value>
            </param>
          </params>
          <reporter-output>
          </reporter-output>
        </test-method> <!-- tearDown -->
        <test-method is-config="true" signature="setUp(java.lang.String,java.lang.reflect.Method)[pri:0, instance:com.saucedemo.tests.TestAddToCartPage@128d2484]" started-at="2025-09-09T13:42:45 IST" name="setUp" finished-at="2025-09-09T13:42:48 IST" duration-ms="2980" status="PASS">
          <params>
            <param index="0">
              <value>
                <![CDATA[chrome]]>
              </value>
            </param>
            <param index="1">
              <value>
                <![CDATA[public void com.saucedemo.tests.TestAddToCartPage.removeFromCartButtonChangesToAddToCart()]]>
              </value>
            </param>
          </params>
          <reporter-output>
          </reporter-output>
        </test-method> <!-- setUp -->
        <test-method is-config="true" signature="loginBeforeEachTest()[pri:0, instance:com.saucedemo.tests.TestAddToCartPage@128d2484]" started-at="2025-09-09T13:42:48 IST" name="loginBeforeEachTest" finished-at="2025-09-09T13:42:49 IST" duration-ms="884" status="PASS">
          <reporter-output>
          </reporter-output>
        </test-method> <!-- loginBeforeEachTest -->
        <test-method signature="removeFromCartButtonChangesToAddToCart()[pri:0, instance:com.saucedemo.tests.TestAddToCartPage@128d2484]" started-at="2025-09-09T13:42:49 IST" name="removeFromCartButtonChangesToAddToCart" finished-at="2025-09-09T13:42:49 IST" duration-ms="180" status="PASS">
          <reporter-output>
          </reporter-output>
        </test-method> <!-- removeFromCartButtonChangesToAddToCart -->
        <test-method is-config="true" signature="tearDown(org.testng.ITestResult)[pri:0, instance:com.saucedemo.tests.TestAddToCartPage@128d2484]" started-at="2025-09-09T13:42:49 IST" name="tearDown" finished-at="2025-09-09T13:42:49 IST" duration-ms="240" status="PASS">
          <params>
            <param index="0">
              <value>
                <![CDATA[[TestResult name=removeFromCartButtonChangesToAddToCart status=SUCCESS method=TestAddToCartPage.removeFromCartButtonChangesToAddToCart()[pri:0, instance:com.saucedemo.tests.TestAddToCartPage@128d2484] output={null}]]]>
              </value>
            </param>
          </params>
          <reporter-output>
          </reporter-output>
        </test-method> <!-- tearDown -->
        <test-method is-config="true" signature="setUp(java.lang.String,java.lang.reflect.Method)[pri:0, instance:com.saucedemo.tests.TestAddToCartPage@128d2484]" started-at="2025-09-09T13:42:49 IST" name="setUp" finished-at="2025-09-09T13:42:53 IST" duration-ms="3284" status="PASS">
          <params>
            <param index="0">
              <value>
                <![CDATA[chrome]]>
              </value>
            </param>
            <param index="1">
              <value>
                <![CDATA[public void com.saucedemo.tests.TestAddToCartPage.removeItemUpdatesCartBadgeToZero()]]>
              </value>
            </param>
          </params>
          <reporter-output>
          </reporter-output>
        </test-method> <!-- setUp -->
        <test-method is-config="true" signature="loginBeforeEachTest()[pri:0, instance:com.saucedemo.tests.TestAddToCartPage@128d2484]" started-at="2025-09-09T13:42:53 IST" name="loginBeforeEachTest" finished-at="2025-09-09T13:42:53 IST" duration-ms="587" status="PASS">
          <reporter-output>
          </reporter-output>
        </test-method> <!-- loginBeforeEachTest -->
        <test-method signature="removeItemUpdatesCartBadgeToZero()[pri:0, instance:com.saucedemo.tests.TestAddToCartPage@128d2484]" started-at="2025-09-09T13:42:53 IST" name="removeItemUpdatesCartBadgeToZero" finished-at="2025-09-09T13:42:53 IST" duration-ms="235" status="PASS">
          <reporter-output>
          </reporter-output>
        </test-method> <!-- removeItemUpdatesCartBadgeToZero -->
        <test-method is-config="true" signature="tearDown(org.testng.ITestResult)[pri:0, instance:com.saucedemo.tests.TestAddToCartPage@128d2484]" started-at="2025-09-09T13:42:53 IST" name="tearDown" finished-at="2025-09-09T13:42:54 IST" duration-ms="522" status="PASS">
          <params>
            <param index="0">
              <value>
                <![CDATA[[TestResult name=removeItemUpdatesCartBadgeToZero status=SUCCESS method=TestAddToCartPage.removeItemUpdatesCartBadgeToZero()[pri:0, instance:com.saucedemo.tests.TestAddToCartPage@128d2484] output={null}]]]>
              </value>
            </param>
          </params>
          <reporter-output>
          </reporter-output>
        </test-method> <!-- tearDown -->
      </class> <!-- com.saucedemo.tests.TestAddToCartPage -->
      <class name="com.saucedemo.tests.TestCartBadgeCountValidationPage">
        <test-method is-config="true" signature="setUp(java.lang.String,java.lang.reflect.Method)[pri:0, instance:com.saucedemo.tests.TestCartBadgeCountValidationPage@3754a4bf]" started-at="2025-09-09T13:42:54 IST" name="setUp" finished-at="2025-09-09T13:42:58 IST" duration-ms="3746" status="PASS">
          <params>
            <param index="0">
              <value>
                <![CDATA[chrome]]>
              </value>
            </param>
            <param index="1">
              <value>
                <![CDATA[public void com.saucedemo.tests.TestCartBadgeCountValidationPage.badgeIncrementsWhenAddingItems()]]>
              </value>
            </param>
          </params>
          <reporter-output>
          </reporter-output>
        </test-method> <!-- setUp -->
        <test-method is-config="true" signature="loginAndSetup()[pri:0, instance:com.saucedemo.tests.TestCartBadgeCountValidationPage@3754a4bf]" started-at="2025-09-09T13:42:58 IST" name="loginAndSetup" finished-at="2025-09-09T13:42:58 IST" duration-ms="551" status="PASS">
          <reporter-output>
          </reporter-output>
        </test-method> <!-- loginAndSetup -->
        <test-method signature="badgeIncrementsWhenAddingItems()[pri:0, instance:com.saucedemo.tests.TestCartBadgeCountValidationPage@3754a4bf]" started-at="2025-09-09T13:42:58 IST" name="badgeIncrementsWhenAddingItems" finished-at="2025-09-09T13:42:59 IST" duration-ms="228" status="PASS">
          <reporter-output>
          </reporter-output>
        </test-method> <!-- badgeIncrementsWhenAddingItems -->
        <test-method is-config="true" signature="tearDown(org.testng.ITestResult)[pri:0, instance:com.saucedemo.tests.TestCartBadgeCountValidationPage@3754a4bf]" started-at="2025-09-09T13:42:59 IST" name="tearDown" finished-at="2025-09-09T13:42:59 IST" duration-ms="365" status="PASS">
          <params>
            <param index="0">
              <value>
                <![CDATA[[TestResult name=badgeIncrementsWhenAddingItems status=SUCCESS method=TestCartBadgeCountValidationPage.badgeIncrementsWhenAddingItems()[pri:0, instance:com.saucedemo.tests.TestCartBadgeCountValidationPage@3754a4bf] output={null}]]]>
              </value>
            </param>
          </params>
          <reporter-output>
          </reporter-output>
        </test-method> <!-- tearDown -->
        <test-method is-config="true" signature="setUp(java.lang.String,java.lang.reflect.Method)[pri:0, instance:com.saucedemo.tests.TestCartBadgeCountValidationPage@3754a4bf]" started-at="2025-09-09T13:42:59 IST" name="setUp" finished-at="2025-09-09T13:43:02 IST" duration-ms="3573" status="PASS">
          <params>
            <param index="0">
              <value>
                <![CDATA[chrome]]>
              </value>
            </param>
            <param index="1">
              <value>
                <![CDATA[public void com.saucedemo.tests.TestCartBadgeCountValidationPage.badgeShowsTwoWhenAddingTwoItems()]]>
              </value>
            </param>
          </params>
          <reporter-output>
          </reporter-output>
        </test-method> <!-- setUp -->
        <test-method is-config="true" signature="loginAndSetup()[pri:0, instance:com.saucedemo.tests.TestCartBadgeCountValidationPage@3754a4bf]" started-at="2025-09-09T13:43:02 IST" name="loginAndSetup" finished-at="2025-09-09T13:43:03 IST" duration-ms="786" status="PASS">
          <reporter-output>
          </reporter-output>
        </test-method> <!-- loginAndSetup -->
        <test-method signature="badgeShowsTwoWhenAddingTwoItems()[pri:0, instance:com.saucedemo.tests.TestCartBadgeCountValidationPage@3754a4bf]" started-at="2025-09-09T13:43:03 IST" name="badgeShowsTwoWhenAddingTwoItems" finished-at="2025-09-09T13:43:04 IST" duration-ms="282" status="PASS">
          <reporter-output>
          </reporter-output>
        </test-method> <!-- badgeShowsTwoWhenAddingTwoItems -->
        <test-method is-config="true" signature="tearDown(org.testng.ITestResult)[pri:0, instance:com.saucedemo.tests.TestCartBadgeCountValidationPage@3754a4bf]" started-at="2025-09-09T13:43:04 IST" name="tearDown" finished-at="2025-09-09T13:43:04 IST" duration-ms="286" status="PASS">
          <params>
            <param index="0">
              <value>
                <![CDATA[[TestResult name=badgeShowsTwoWhenAddingTwoItems status=SUCCESS method=TestCartBadgeCountValidationPage.badgeShowsTwoWhenAddingTwoItems()[pri:0, instance:com.saucedemo.tests.TestCartBadgeCountValidationPage@3754a4bf] output={null}]]]>
              </value>
            </param>
          </params>
          <reporter-output>
          </reporter-output>
        </test-method> <!-- tearDown -->
        <test-method is-config="true" signature="setUp(java.lang.String,java.lang.reflect.Method)[pri:0, instance:com.saucedemo.tests.TestCartBadgeCountValidationPage@3754a4bf]" started-at="2025-09-09T13:43:04 IST" name="setUp" finished-at="2025-09-09T13:43:08 IST" duration-ms="3834" status="PASS">
          <params>
            <param index="0">
              <value>
                <![CDATA[chrome]]>
              </value>
            </param>
            <param index="1">
              <value>
                <![CDATA[public void com.saucedemo.tests.TestCartBadgeCountValidationPage.badgeUpdatesAfterRemovingItem()]]>
              </value>
            </param>
          </params>
          <reporter-output>
          </reporter-output>
        </test-method> <!-- setUp -->
        <test-method is-config="true" signature="loginAndSetup()[pri:0, instance:com.saucedemo.tests.TestCartBadgeCountValidationPage@3754a4bf]" started-at="2025-09-09T13:43:08 IST" name="loginAndSetup" finished-at="2025-09-09T13:43:08 IST" duration-ms="555" status="PASS">
          <reporter-output>
          </reporter-output>
        </test-method> <!-- loginAndSetup -->
        <test-method signature="badgeUpdatesAfterRemovingItem()[pri:0, instance:com.saucedemo.tests.TestCartBadgeCountValidationPage@3754a4bf]" started-at="2025-09-09T13:43:08 IST" name="badgeUpdatesAfterRemovingItem" finished-at="2025-09-09T13:43:09 IST" duration-ms="348" status="PASS">
          <reporter-output>
          </reporter-output>
        </test-method> <!-- badgeUpdatesAfterRemovingItem -->
        <test-method is-config="true" signature="tearDown(org.testng.ITestResult)[pri:0, instance:com.saucedemo.tests.TestCartBadgeCountValidationPage@3754a4bf]" started-at="2025-09-09T13:43:09 IST" name="tearDown" finished-at="2025-09-09T13:43:09 IST" duration-ms="366" status="PASS">
          <params>
            <param index="0">
              <value>
                <![CDATA[[TestResult name=badgeUpdatesAfterRemovingItem status=SUCCESS method=TestCartBadgeCountValidationPage.badgeUpdatesAfterRemovingItem()[pri:0, instance:com.saucedemo.tests.TestCartBadgeCountValidationPage@3754a4bf] output={null}]]]>
              </value>
            </param>
          </params>
          <reporter-output>
          </reporter-output>
        </test-method> <!-- tearDown -->
      </class> <!-- com.saucedemo.tests.TestCartBadgeCountValidationPage -->
      <class name="com.saucedemo.tests.BaseTest">
        <test-method is-config="true" signature="beforeSuite()[pri:0, instance:com.saucedemo.tests.BaseTest@351d00c0]" started-at="2025-09-09T13:41:46 IST" name="beforeSuite" finished-at="2025-09-09T13:41:46 IST" duration-ms="385" status="PASS">
          <reporter-output>
          </reporter-output>
        </test-method> <!-- beforeSuite -->
        <test-method is-config="true" signature="afterSuite()[pri:0, instance:com.saucedemo.tests.BaseTest@351d00c0]" started-at="2025-09-09T13:43:56 IST" name="afterSuite" finished-at="2025-09-09T13:43:57 IST" duration-ms="1144" status="PASS">
          <reporter-output>
          </reporter-output>
        </test-method> <!-- afterSuite -->
      </class> <!-- com.saucedemo.tests.BaseTest -->
      <class name="com.saucedemo.tests.TestCheckoutPage">
        <test-method is-config="true" signature="setUp(java.lang.String,java.lang.reflect.Method)[pri:0, instance:com.saucedemo.tests.TestCheckoutPage@62379589]" started-at="2025-09-09T13:43:09 IST" name="setUp" finished-at="2025-09-09T13:43:13 IST" duration-ms="3660" status="PASS">
          <params>
            <param index="0">
              <value>
                <![CDATA[chrome]]>
              </value>
            </param>
            <param index="1">
              <value>
                <![CDATA[public void com.saucedemo.tests.TestCheckoutPage.cancelCheckoutShouldReturnToCart()]]>
              </value>
            </param>
          </params>
          <reporter-output>
          </reporter-output>
        </test-method> <!-- setUp -->
        <test-method signature="cancelCheckoutShouldReturnToCart()[pri:0, instance:com.saucedemo.tests.TestCheckoutPage@62379589]" started-at="2025-09-09T13:43:13 IST" name="cancelCheckoutShouldReturnToCart" finished-at="2025-09-09T13:43:14 IST" duration-ms="997" status="PASS">
          <reporter-output>
          </reporter-output>
        </test-method> <!-- cancelCheckoutShouldReturnToCart -->
        <test-method is-config="true" signature="tearDown(org.testng.ITestResult)[pri:0, instance:com.saucedemo.tests.TestCheckoutPage@62379589]" started-at="2025-09-09T13:43:14 IST" name="tearDown" finished-at="2025-09-09T13:43:14 IST" duration-ms="382" status="PASS">
          <params>
            <param index="0">
              <value>
                <![CDATA[[TestResult name=cancelCheckoutShouldReturnToCart status=SUCCESS method=TestCheckoutPage.cancelCheckoutShouldReturnToCart()[pri:0, instance:com.saucedemo.tests.TestCheckoutPage@62379589] output={null}]]]>
              </value>
            </param>
          </params>
          <reporter-output>
          </reporter-output>
        </test-method> <!-- tearDown -->
        <test-method is-config="true" signature="setUp(java.lang.String,java.lang.reflect.Method)[pri:0, instance:com.saucedemo.tests.TestCheckoutPage@62379589]" started-at="2025-09-09T13:43:14 IST" name="setUp" finished-at="2025-09-09T13:43:18 IST" duration-ms="3573" status="PASS">
          <params>
            <param index="0">
              <value>
                <![CDATA[chrome]]>
              </value>
            </param>
            <param index="1">
              <value>
                <![CDATA[public void com.saucedemo.tests.TestCheckoutPage.cannotCheckoutWithEmptyCart()]]>
              </value>
            </param>
          </params>
          <reporter-output>
          </reporter-output>
        </test-method> <!-- setUp -->
        <test-method signature="cannotCheckoutWithEmptyCart()[pri:0, instance:com.saucedemo.tests.TestCheckoutPage@62379589]" started-at="2025-09-09T13:43:18 IST" name="cannotCheckoutWithEmptyCart" finished-at="2025-09-09T13:43:19 IST" duration-ms="1299" status="PASS">
          <reporter-output>
          </reporter-output>
        </test-method> <!-- cannotCheckoutWithEmptyCart -->
        <test-method is-config="true" signature="tearDown(org.testng.ITestResult)[pri:0, instance:com.saucedemo.tests.TestCheckoutPage@62379589]" started-at="2025-09-09T13:43:19 IST" name="tearDown" finished-at="2025-09-09T13:43:19 IST" duration-ms="322" status="PASS">
          <params>
            <param index="0">
              <value>
                <![CDATA[[TestResult name=cannotCheckoutWithEmptyCart status=SUCCESS method=TestCheckoutPage.cannotCheckoutWithEmptyCart()[pri:0, instance:com.saucedemo.tests.TestCheckoutPage@62379589] output={null}]]]>
              </value>
            </param>
          </params>
          <reporter-output>
          </reporter-output>
        </test-method> <!-- tearDown -->
        <test-method is-config="true" signature="setUp(java.lang.String,java.lang.reflect.Method)[pri:0, instance:com.saucedemo.tests.TestCheckoutPage@62379589]" started-at="2025-09-09T13:43:19 IST" name="setUp" finished-at="2025-09-09T13:43:23 IST" duration-ms="4082" status="PASS">
          <params>
            <param index="0">
              <value>
                <![CDATA[chrome]]>
              </value>
            </param>
            <param index="1">
              <value>
                <![CDATA[public void com.saucedemo.tests.TestCheckoutPage.checkoutShowsCorrectConfirmationMessage()]]>
              </value>
            </param>
          </params>
          <reporter-output>
          </reporter-output>
        </test-method> <!-- setUp -->
        <test-method signature="checkoutShowsCorrectConfirmationMessage()[pri:0, instance:com.saucedemo.tests.TestCheckoutPage@62379589]" started-at="2025-09-09T13:43:23 IST" name="checkoutShowsCorrectConfirmationMessage" finished-at="2025-09-09T13:43:25 IST" duration-ms="1548" status="PASS">
          <reporter-output>
          </reporter-output>
        </test-method> <!-- checkoutShowsCorrectConfirmationMessage -->
        <test-method is-config="true" signature="tearDown(org.testng.ITestResult)[pri:0, instance:com.saucedemo.tests.TestCheckoutPage@62379589]" started-at="2025-09-09T13:43:25 IST" name="tearDown" finished-at="2025-09-09T13:43:25 IST" duration-ms="347" status="PASS">
          <params>
            <param index="0">
              <value>
                <![CDATA[[TestResult name=checkoutShowsCorrectConfirmationMessage status=SUCCESS method=TestCheckoutPage.checkoutShowsCorrectConfirmationMessage()[pri:0, instance:com.saucedemo.tests.TestCheckoutPage@62379589] output={null}]]]>
              </value>
            </param>
          </params>
          <reporter-output>
          </reporter-output>
        </test-method> <!-- tearDown -->
        <test-method is-config="true" signature="setUp(java.lang.String,java.lang.reflect.Method)[pri:0, instance:com.saucedemo.tests.TestCheckoutPage@62379589]" started-at="2025-09-09T13:43:25 IST" name="setUp" finished-at="2025-09-09T13:43:29 IST" duration-ms="3614" status="PASS">
          <params>
            <param index="0">
              <value>
                <![CDATA[chrome]]>
              </value>
            </param>
            <param index="1">
              <value>
                <![CDATA[public void com.saucedemo.tests.TestCheckoutPage.completeCheckoutFlow()]]>
              </value>
            </param>
          </params>
          <reporter-output>
          </reporter-output>
        </test-method> <!-- setUp -->
        <test-method signature="completeCheckoutFlow()[pri:0, instance:com.saucedemo.tests.TestCheckoutPage@62379589]" started-at="2025-09-09T13:43:29 IST" name="completeCheckoutFlow" finished-at="2025-09-09T13:43:30 IST" duration-ms="1626" status="PASS">
          <reporter-output>
          </reporter-output>
        </test-method> <!-- completeCheckoutFlow -->
        <test-method is-config="true" signature="tearDown(org.testng.ITestResult)[pri:0, instance:com.saucedemo.tests.TestCheckoutPage@62379589]" started-at="2025-09-09T13:43:30 IST" name="tearDown" finished-at="2025-09-09T13:43:31 IST" duration-ms="277" status="PASS">
          <params>
            <param index="0">
              <value>
                <![CDATA[[TestResult name=completeCheckoutFlow status=SUCCESS method=TestCheckoutPage.completeCheckoutFlow()[pri:0, instance:com.saucedemo.tests.TestCheckoutPage@62379589] output={null}]]]>
              </value>
            </param>
          </params>
          <reporter-output>
          </reporter-output>
        </test-method> <!-- tearDown -->
      </class> <!-- com.saucedemo.tests.TestCheckoutPage -->
      <class name="com.saucedemo.tests.TestLogoutPage">
        <test-method is-config="true" signature="setUp(java.lang.String,java.lang.reflect.Method)[pri:0, instance:com.saucedemo.tests.TestLogoutPage@175c2241]" started-at="2025-09-09T13:43:50 IST" name="setUp" finished-at="2025-09-09T13:43:54 IST" duration-ms="3664" status="PASS">
          <params>
            <param index="0">
              <value>
                <![CDATA[chrome]]>
              </value>
            </param>
            <param index="1">
              <value>
                <![CDATA[public void com.saucedemo.tests.TestLogoutPage.logoutWorks() throws java.lang.InterruptedException]]>
              </value>
            </param>
          </params>
          <reporter-output>
          </reporter-output>
        </test-method> <!-- setUp -->
        <test-method signature="logoutWorks()[pri:0, instance:com.saucedemo.tests.TestLogoutPage@175c2241]" started-at="2025-09-09T13:43:54 IST" name="logoutWorks" finished-at="2025-09-09T13:43:56 IST" duration-ms="1818" status="PASS">
          <reporter-output>
          </reporter-output>
        </test-method> <!-- logoutWorks -->
        <test-method is-config="true" signature="tearDown(org.testng.ITestResult)[pri:0, instance:com.saucedemo.tests.TestLogoutPage@175c2241]" started-at="2025-09-09T13:43:56 IST" name="tearDown" finished-at="2025-09-09T13:43:56 IST" duration-ms="387" status="PASS">
          <params>
            <param index="0">
              <value>
                <![CDATA[[TestResult name=logoutWorks status=SUCCESS method=TestLogoutPage.logoutWorks()[pri:0, instance:com.saucedemo.tests.TestLogoutPage@175c2241] output={null}]]]>
              </value>
            </param>
          </params>
          <reporter-output>
          </reporter-output>
        </test-method> <!-- tearDown -->
      </class> <!-- com.saucedemo.tests.TestLogoutPage -->
      <class name="com.saucedemo.tests.LoginPageTest">
        <test-method is-config="true" signature="setUp(java.lang.String,java.lang.reflect.Method)[pri:0, instance:com.saucedemo.tests.LoginPageTest@459e9125]" started-at="2025-09-09T13:41:46 IST" name="setUp" finished-at="2025-09-09T13:41:51 IST" duration-ms="4740" status="PASS">
          <params>
            <param index="0">
              <value>
                <![CDATA[chrome]]>
              </value>
            </param>
            <param index="1">
              <value>
                <![CDATA[public void com.saucedemo.tests.LoginPageTest.allValidUsersShouldLoginSuccessfully()]]>
              </value>
            </param>
          </params>
          <reporter-output>
          </reporter-output>
        </test-method> <!-- setUp -->
        <test-method signature="allValidUsersShouldLoginSuccessfully()[pri:0, instance:com.saucedemo.tests.LoginPageTest@459e9125]" started-at="2025-09-09T13:41:51 IST" name="allValidUsersShouldLoginSuccessfully" finished-at="2025-09-09T13:42:02 IST" duration-ms="11121" status="PASS">
          <reporter-output>
          </reporter-output>
        </test-method> <!-- allValidUsersShouldLoginSuccessfully -->
        <test-method is-config="true" signature="tearDown(org.testng.ITestResult)[pri:0, instance:com.saucedemo.tests.LoginPageTest@459e9125]" started-at="2025-09-09T13:42:02 IST" name="tearDown" finished-at="2025-09-09T13:42:05 IST" duration-ms="2225" status="PASS">
          <params>
            <param index="0">
              <value>
                <![CDATA[[TestResult name=allValidUsersShouldLoginSuccessfully status=SUCCESS method=LoginPageTest.allValidUsersShouldLoginSuccessfully()[pri:0, instance:com.saucedemo.tests.LoginPageTest@459e9125] output={null}]]]>
              </value>
            </param>
          </params>
          <reporter-output>
          </reporter-output>
        </test-method> <!-- tearDown -->
        <test-method is-config="true" signature="setUp(java.lang.String,java.lang.reflect.Method)[pri:0, instance:com.saucedemo.tests.LoginPageTest@459e9125]" started-at="2025-09-09T13:42:05 IST" name="setUp" finished-at="2025-09-09T13:42:08 IST" duration-ms="3251" status="PASS">
          <params>
            <param index="0">
              <value>
                <![CDATA[chrome]]>
              </value>
            </param>
            <param index="1">
              <value>
                <![CDATA[public void com.saucedemo.tests.LoginPageTest.invalidUserShowsError()]]>
              </value>
            </param>
          </params>
          <reporter-output>
          </reporter-output>
        </test-method> <!-- setUp -->
        <test-method signature="invalidUserShowsError()[pri:0, instance:com.saucedemo.tests.LoginPageTest@459e9125]" started-at="2025-09-09T13:42:08 IST" name="invalidUserShowsError" finished-at="2025-09-09T13:42:08 IST" duration-ms="588" status="PASS">
          <reporter-output>
          </reporter-output>
        </test-method> <!-- invalidUserShowsError -->
        <test-method is-config="true" signature="tearDown(org.testng.ITestResult)[pri:0, instance:com.saucedemo.tests.LoginPageTest@459e9125]" started-at="2025-09-09T13:42:08 IST" name="tearDown" finished-at="2025-09-09T13:42:09 IST" duration-ms="383" status="PASS">
          <params>
            <param index="0">
              <value>
                <![CDATA[[TestResult name=invalidUserShowsError status=SUCCESS method=LoginPageTest.invalidUserShowsError()[pri:0, instance:com.saucedemo.tests.LoginPageTest@459e9125] output={null}]]]>
              </value>
            </param>
          </params>
          <reporter-output>
          </reporter-output>
        </test-method> <!-- tearDown -->
        <test-method is-config="true" signature="setUp(java.lang.String,java.lang.reflect.Method)[pri:0, instance:com.saucedemo.tests.LoginPageTest@459e9125]" started-at="2025-09-09T13:42:09 IST" name="setUp" finished-at="2025-09-09T13:42:12 IST" duration-ms="3019" status="PASS">
          <params>
            <param index="0">
              <value>
                <![CDATA[chrome]]>
              </value>
            </param>
            <param index="1">
              <value>
                <![CDATA[public void com.saucedemo.tests.LoginPageTest.lockedOutUserShowsError()]]>
              </value>
            </param>
          </params>
          <reporter-output>
          </reporter-output>
        </test-method> <!-- setUp -->
        <test-method signature="lockedOutUserShowsError()[pri:0, instance:com.saucedemo.tests.LoginPageTest@459e9125]" started-at="2025-09-09T13:42:12 IST" name="lockedOutUserShowsError" finished-at="2025-09-09T13:42:12 IST" duration-ms="597" status="PASS">
          <reporter-output>
          </reporter-output>
        </test-method> <!-- lockedOutUserShowsError -->
        <test-method is-config="true" signature="tearDown(org.testng.ITestResult)[pri:0, instance:com.saucedemo.tests.LoginPageTest@459e9125]" started-at="2025-09-09T13:42:12 IST" name="tearDown" finished-at="2025-09-09T13:42:13 IST" duration-ms="284" status="PASS">
          <params>
            <param index="0">
              <value>
                <![CDATA[[TestResult name=lockedOutUserShowsError status=SUCCESS method=LoginPageTest.lockedOutUserShowsError()[pri:0, instance:com.saucedemo.tests.LoginPageTest@459e9125] output={null}]]]>
              </value>
            </param>
          </params>
          <reporter-output>
          </reporter-output>
        </test-method> <!-- tearDown -->
        <test-method is-config="true" signature="setUp(java.lang.String,java.lang.reflect.Method)[pri:0, instance:com.saucedemo.tests.LoginPageTest@459e9125]" started-at="2025-09-09T13:42:13 IST" name="setUp" finished-at="2025-09-09T13:42:16 IST" duration-ms="3582" status="PASS">
          <params>
            <param index="0">
              <value>
                <![CDATA[chrome]]>
              </value>
            </param>
            <param index="1">
              <value>
                <![CDATA[public void com.saucedemo.tests.LoginPageTest.testPasswordRequiredError()]]>
              </value>
            </param>
          </params>
          <reporter-output>
          </reporter-output>
        </test-method> <!-- setUp -->
        <test-method signature="testPasswordRequiredError()[pri:0, instance:com.saucedemo.tests.LoginPageTest@459e9125]" started-at="2025-09-09T13:42:16 IST" name="testPasswordRequiredError" finished-at="2025-09-09T13:42:17 IST" duration-ms="568" status="PASS">
          <reporter-output>
          </reporter-output>
        </test-method> <!-- testPasswordRequiredError -->
        <test-method is-config="true" signature="tearDown(org.testng.ITestResult)[pri:0, instance:com.saucedemo.tests.LoginPageTest@459e9125]" started-at="2025-09-09T13:42:17 IST" name="tearDown" finished-at="2025-09-09T13:42:17 IST" duration-ms="362" status="PASS">
          <params>
            <param index="0">
              <value>
                <![CDATA[[TestResult name=testPasswordRequiredError status=SUCCESS method=LoginPageTest.testPasswordRequiredError()[pri:0, instance:com.saucedemo.tests.LoginPageTest@459e9125] output={null}]]]>
              </value>
            </param>
          </params>
          <reporter-output>
          </reporter-output>
        </test-method> <!-- tearDown -->
        <test-method is-config="true" signature="setUp(java.lang.String,java.lang.reflect.Method)[pri:0, instance:com.saucedemo.tests.LoginPageTest@459e9125]" started-at="2025-09-09T13:42:17 IST" name="setUp" finished-at="2025-09-09T13:42:21 IST" duration-ms="3570" status="PASS">
          <params>
            <param index="0">
              <value>
                <![CDATA[chrome]]>
              </value>
            </param>
            <param index="1">
              <value>
                <![CDATA[public void com.saucedemo.tests.LoginPageTest.testUsernameRequiredError()]]>
              </value>
            </param>
          </params>
          <reporter-output>
          </reporter-output>
        </test-method> <!-- setUp -->
        <test-method signature="testUsernameRequiredError()[pri:0, instance:com.saucedemo.tests.LoginPageTest@459e9125]" started-at="2025-09-09T13:42:21 IST" name="testUsernameRequiredError" finished-at="2025-09-09T13:42:21 IST" duration-ms="627" status="PASS">
          <reporter-output>
          </reporter-output>
        </test-method> <!-- testUsernameRequiredError -->
        <test-method is-config="true" signature="tearDown(org.testng.ITestResult)[pri:0, instance:com.saucedemo.tests.LoginPageTest@459e9125]" started-at="2025-09-09T13:42:21 IST" name="tearDown" finished-at="2025-09-09T13:42:22 IST" duration-ms="350" status="PASS">
          <params>
            <param index="0">
              <value>
                <![CDATA[[TestResult name=testUsernameRequiredError status=SUCCESS method=LoginPageTest.testUsernameRequiredError()[pri:0, instance:com.saucedemo.tests.LoginPageTest@459e9125] output={null}]]]>
              </value>
            </param>
          </params>
          <reporter-output>
          </reporter-output>
        </test-method> <!-- tearDown -->
        <test-method is-config="true" signature="setUp(java.lang.String,java.lang.reflect.Method)[pri:0, instance:com.saucedemo.tests.LoginPageTest@459e9125]" started-at="2025-09-09T13:42:22 IST" name="setUp" finished-at="2025-09-09T13:42:25 IST" duration-ms="3069" status="PASS">
          <params>
            <param index="0">
              <value>
                <![CDATA[chrome]]>
              </value>
            </param>
            <param index="1">
              <value>
                <![CDATA[public void com.saucedemo.tests.LoginPageTest.validLogin()]]>
              </value>
            </param>
          </params>
          <reporter-output>
          </reporter-output>
        </test-method> <!-- setUp -->
        <test-method signature="validLogin()[pri:0, instance:com.saucedemo.tests.LoginPageTest@459e9125]" started-at="2025-09-09T13:42:25 IST" name="validLogin" finished-at="2025-09-09T13:42:26 IST" duration-ms="755" status="PASS">
          <reporter-output>
          </reporter-output>
        </test-method> <!-- validLogin -->
        <test-method is-config="true" signature="tearDown(org.testng.ITestResult)[pri:0, instance:com.saucedemo.tests.LoginPageTest@459e9125]" started-at="2025-09-09T13:42:26 IST" name="tearDown" finished-at="2025-09-09T13:42:26 IST" duration-ms="321" status="PASS">
          <params>
            <param index="0">
              <value>
                <![CDATA[[TestResult name=validLogin status=SUCCESS method=LoginPageTest.validLogin()[pri:0, instance:com.saucedemo.tests.LoginPageTest@459e9125] output={null}]]]>
              </value>
            </param>
          </params>
          <reporter-output>
          </reporter-output>
        </test-method> <!-- tearDown -->
      </class> <!-- com.saucedemo.tests.LoginPageTest -->
    </test> <!-- UI Tests -->
  </suite> <!-- SauceDemo Test Suite -->
</testng-results>
